[31m2024-03-29 08:51:30,326[0;39m [32m[INFO][0;39m com.example.demo.DemoApplication restartedMain [32mStarting DemoApplication using Java 1.8.0_292 on WPF45CNSL with PID 10852 (C:\Users\xxshetvm\Desktop\DLTE-JavaFullStack-MEDHINISHETTY-2024\DLTE-Spring\Task\1176-JDBCTransactionSOAPWebservice\target\classes started by xxshetvm in C:\Users\xxshetvm\Desktop\DLTE-JavaFullStack-MEDHINISHETTY-2024\DLTE-Spring\Task\1176-JDBCTransactionSOAPWebservice)
[0;39m[31m2024-03-29 08:51:30,326[0;39m [32m[INFO][0;39m com.example.demo.DemoApplication restartedMain [32mNo active profile set, falling back to 1 default profile: "default"
[0;39m[31m2024-03-29 08:51:30,374[0;39m [32m[INFO][0;39m org.springframework.boot.devtools.restart.ChangeableUrls restartedMain [32mThe Class-Path manifest attribute in C:\Users\xxshetvm\.m2\repository\com\oracle\database\security\oraclepki\21.5.0.0\oraclepki-21.5.0.0.jar referenced one or more files that do not exist: file:/C:/Users/xxshetvm/.m2/repository/com/oracle/database/security/oraclepki/21.5.0.0/osdt_core.jar,file:/C:/Users/xxshetvm/.m2/repository/com/oracle/database/security/oraclepki/21.5.0.0/osdt_cert.jar,file:/C:/Users/xxshetvm/.m2/repository/com/oracle/database/security/oraclepki/oracle.osdt/osdt_core.jar,file:/C:/Users/xxshetvm/.m2/repository/com/oracle/database/security/oraclepki/oracle.osdt/osdt_cert.jar
[0;39m[31m2024-03-29 08:51:30,374[0;39m [32m[INFO][0;39m org.springframework.boot.devtools.env.DevToolsPropertyDefaultsPostProcessor restartedMain [32mDevtools property defaults active! Set 'spring.devtools.add-properties' to 'false' to disable
[0;39m[31m2024-03-29 08:51:30,374[0;39m [32m[INFO][0;39m org.springframework.boot.devtools.env.DevToolsPropertyDefaultsPostProcessor restartedMain [32mFor additional web related logging consider setting the 'logging.level.web' property to 'DEBUG'
[0;39m[31m2024-03-29 08:51:30,866[0;39m [32m[INFO][0;39m org.springframework.data.repository.config.RepositoryConfigurationDelegate restartedMain [32mBootstrapping Spring Data JDBC repositories in DEFAULT mode.
[0;39m[31m2024-03-29 08:51:30,882[0;39m [32m[INFO][0;39m org.springframework.data.repository.config.RepositoryConfigurationDelegate restartedMain [32mFinished Spring Data repository scanning in 5 ms. Found 0 JDBC repository interfaces.
[0;39m[31m2024-03-29 08:51:31,039[0;39m [32m[INFO][0;39m org.springframework.context.support.PostProcessorRegistrationDelegate$BeanPostProcessorChecker restartedMain [32mBean 'soapServiceConfiguration' of type [com.example.demo.configs.SoapServiceConfiguration$$EnhancerBySpringCGLIB$$a4cf09c5] is not eligible for getting processed by all BeanPostProcessors (for example: not eligible for auto-proxying)
[0;39m[31m2024-03-29 08:51:31,039[0;39m [32m[INFO][0;39m org.springframework.context.support.PostProcessorRegistrationDelegate$BeanPostProcessorChecker restartedMain [32mBean 'org.springframework.ws.config.annotation.DelegatingWsConfiguration' of type [org.springframework.ws.config.annotation.DelegatingWsConfiguration$$EnhancerBySpringCGLIB$$e081d01c] is not eligible for getting processed by all BeanPostProcessors (for example: not eligible for auto-proxying)
[0;39m[31m2024-03-29 08:51:31,070[0;39m [32m[INFO][0;39m org.springframework.ws.soap.addressing.server.AnnotationActionEndpointMapping restartedMain [32mSupporting [WS-Addressing August 2004, WS-Addressing 1.0]
[0;39m[31m2024-03-29 08:51:31,308[0;39m [32m[INFO][0;39m org.springframework.boot.web.embedded.tomcat.TomcatWebServer restartedMain [32mTomcat initialized with port(s): 8080 (http)
[0;39m[31m2024-03-29 08:51:31,308[0;39m [32m[INFO][0;39m org.apache.catalina.core.StandardService restartedMain [32mStarting service [Tomcat]
[0;39m[31m2024-03-29 08:51:31,308[0;39m [32m[INFO][0;39m org.apache.catalina.core.StandardEngine restartedMain [32mStarting Servlet engine: [Apache Tomcat/9.0.73]
[0;39m[31m2024-03-29 08:51:31,418[0;39m [32m[INFO][0;39m org.apache.catalina.core.ContainerBase.[Tomcat].[localhost].[/] restartedMain [32mInitializing Spring embedded WebApplicationContext
[0;39m[31m2024-03-29 08:51:31,418[0;39m [32m[INFO][0;39m org.springframework.boot.web.servlet.context.ServletWebServerApplicationContext restartedMain [32mRoot WebApplicationContext: initialization completed in 1037 ms
[0;39m[31m2024-03-29 08:51:31,989[0;39m [32m[INFO][0;39m com.zaxxer.hikari.HikariDataSource restartedMain [32mHikariPool-1 - Starting...
[0;39m[31m2024-03-29 08:51:31,989[0;39m [32m[WARN][0;39m com.zaxxer.hikari.util.DriverDataSource restartedMain [32mRegistered driver with driverClassName=oracle.jdbc.driver.OracleDriver was not found, trying direct instantiation.
[0;39m[31m2024-03-29 08:51:32,147[0;39m [32m[INFO][0;39m com.zaxxer.hikari.pool.PoolBase restartedMain [32mHikariPool-1 - Driver does not support get/set network timeout for connections. (oracle.jdbc.driver.T4CConnection.getNetworkTimeout()I)
[0;39m[31m2024-03-29 08:51:32,147[0;39m [32m[INFO][0;39m com.zaxxer.hikari.HikariDataSource restartedMain [32mHikariPool-1 - Start completed.
[0;39m[31m2024-03-29 08:51:32,321[0;39m [32m[WARN][0;39m org.springframework.boot.autoconfigure.security.servlet.UserDetailsServiceAutoConfiguration restartedMain [32m

Using generated security password: 89af9b60-5547-44fc-8ee3-b89afc5cc18b

This generated password is for development use only. Your security configuration must be updated before running your application in production.

[0;39m[31m2024-03-29 08:51:32,462[0;39m [32m[INFO][0;39m org.springframework.security.web.DefaultSecurityFilterChain restartedMain [32mWill secure any request with [org.springframework.security.web.session.DisableEncodeUrlFilter@80fd396, org.springframework.security.web.context.request.async.WebAsyncManagerIntegrationFilter@75b99cfb, org.springframework.security.web.context.SecurityContextPersistenceFilter@7620ce9a, org.springframework.security.web.header.HeaderWriterFilter@3eacb510, org.springframework.security.web.csrf.CsrfFilter@1161a940, org.springframework.security.web.authentication.logout.LogoutFilter@2dd6d4c5, org.springframework.security.web.authentication.UsernamePasswordAuthenticationFilter@1e9494ac, org.springframework.security.web.authentication.ui.DefaultLoginPageGeneratingFilter@413a5917, org.springframework.security.web.authentication.ui.DefaultLogoutPageGeneratingFilter@64025f8d, org.springframework.security.web.authentication.www.BasicAuthenticationFilter@62021bc9, org.springframework.security.web.savedrequest.RequestCacheAwareFilter@354f5e91, org.springframework.security.web.servletapi.SecurityContextHolderAwareRequestFilter@1716dbb0, org.springframework.security.web.authentication.AnonymousAuthenticationFilter@7366197a, org.springframework.security.web.session.SessionManagementFilter@c1e7c6c, org.springframework.security.web.access.ExceptionTranslationFilter@1cedd0a, org.springframework.security.web.access.intercept.FilterSecurityInterceptor@2bdf5027]
[0;39m[31m2024-03-29 08:51:32,511[0;39m [32m[INFO][0;39m org.springframework.boot.devtools.autoconfigure.OptionalLiveReloadServer restartedMain [32mLiveReload server is running on port 35729
[0;39m[31m2024-03-29 08:51:32,526[0;39m [32m[WARN][0;39m org.springframework.boot.web.servlet.context.AnnotationConfigServletWebServerApplicationContext restartedMain [32mException encountered during context initialization - cancelling refresh attempt: org.springframework.context.ApplicationContextException: Failed to start bean 'webServerStartStop'; nested exception is org.springframework.boot.web.server.PortInUseException: Port 8080 is already in use
[0;39m[31m2024-03-29 08:51:32,542[0;39m [32m[INFO][0;39m com.zaxxer.hikari.HikariDataSource restartedMain [32mHikariPool-1 - Shutdown initiated...
[0;39m[31m2024-03-29 08:51:32,554[0;39m [32m[INFO][0;39m com.zaxxer.hikari.HikariDataSource restartedMain [32mHikariPool-1 - Shutdown completed.
[0;39m[31m2024-03-29 08:51:32,559[0;39m [32m[INFO][0;39m org.apache.catalina.core.StandardService restartedMain [32mStopping service [Tomcat]
[0;39m[31m2024-03-29 08:51:32,563[0;39m [32m[INFO][0;39m org.springframework.boot.autoconfigure.logging.ConditionEvaluationReportLoggingListener restartedMain [32m

Error starting ApplicationContext. To display the conditions report re-run your application with 'debug' enabled.
[0;39m[31m2024-03-29 08:51:32,590[0;39m [32m[ERROR][0;39m org.springframework.boot.diagnostics.LoggingFailureAnalysisReporter restartedMain [32m

***************************
APPLICATION FAILED TO START
***************************

Description:

Web server failed to start. Port 8080 was already in use.

Action:

Identify and stop the process that's listening on port 8080 or configure this application to listen on another port.

[0;39m[31m2024-03-29 08:51:51,275[0;39m [32m[INFO][0;39m com.example.demo.DemoApplication restartedMain [32mStarting DemoApplication using Java 1.8.0_292 on WPF45CNSL with PID 24920 (C:\Users\xxshetvm\Desktop\DLTE-JavaFullStack-MEDHINISHETTY-2024\DLTE-Spring\Task\1176-JDBCTransactionSOAPWebservice\target\classes started by xxshetvm in C:\Users\xxshetvm\Desktop\DLTE-JavaFullStack-MEDHINISHETTY-2024\DLTE-Spring\Task\1176-JDBCTransactionSOAPWebservice)
[0;39m[31m2024-03-29 08:51:51,275[0;39m [32m[INFO][0;39m com.example.demo.DemoApplication restartedMain [32mNo active profile set, falling back to 1 default profile: "default"
[0;39m[31m2024-03-29 08:51:51,322[0;39m [32m[INFO][0;39m org.springframework.boot.devtools.restart.ChangeableUrls restartedMain [32mThe Class-Path manifest attribute in C:\Users\xxshetvm\.m2\repository\com\oracle\database\security\oraclepki\21.5.0.0\oraclepki-21.5.0.0.jar referenced one or more files that do not exist: file:/C:/Users/xxshetvm/.m2/repository/com/oracle/database/security/oraclepki/21.5.0.0/osdt_core.jar,file:/C:/Users/xxshetvm/.m2/repository/com/oracle/database/security/oraclepki/21.5.0.0/osdt_cert.jar,file:/C:/Users/xxshetvm/.m2/repository/com/oracle/database/security/oraclepki/oracle.osdt/osdt_core.jar,file:/C:/Users/xxshetvm/.m2/repository/com/oracle/database/security/oraclepki/oracle.osdt/osdt_cert.jar
[0;39m[31m2024-03-29 08:51:51,322[0;39m [32m[INFO][0;39m org.springframework.boot.devtools.env.DevToolsPropertyDefaultsPostProcessor restartedMain [32mDevtools property defaults active! Set 'spring.devtools.add-properties' to 'false' to disable
[0;39m[31m2024-03-29 08:51:51,322[0;39m [32m[INFO][0;39m org.springframework.boot.devtools.env.DevToolsPropertyDefaultsPostProcessor restartedMain [32mFor additional web related logging consider setting the 'logging.level.web' property to 'DEBUG'
[0;39m[31m2024-03-29 08:51:51,906[0;39m [32m[INFO][0;39m org.springframework.data.repository.config.RepositoryConfigurationDelegate restartedMain [32mBootstrapping Spring Data JDBC repositories in DEFAULT mode.
[0;39m[31m2024-03-29 08:51:51,927[0;39m [32m[INFO][0;39m org.springframework.data.repository.config.RepositoryConfigurationDelegate restartedMain [32mFinished Spring Data repository scanning in 7 ms. Found 0 JDBC repository interfaces.
[0;39m[31m2024-03-29 08:51:52,144[0;39m [32m[INFO][0;39m org.springframework.context.support.PostProcessorRegistrationDelegate$BeanPostProcessorChecker restartedMain [32mBean 'soapServiceConfiguration' of type [com.example.demo.configs.SoapServiceConfiguration$$EnhancerBySpringCGLIB$$e68e6392] is not eligible for getting processed by all BeanPostProcessors (for example: not eligible for auto-proxying)
[0;39m[31m2024-03-29 08:51:52,145[0;39m [32m[INFO][0;39m org.springframework.context.support.PostProcessorRegistrationDelegate$BeanPostProcessorChecker restartedMain [32mBean 'org.springframework.ws.config.annotation.DelegatingWsConfiguration' of type [org.springframework.ws.config.annotation.DelegatingWsConfiguration$$EnhancerBySpringCGLIB$$224129e9] is not eligible for getting processed by all BeanPostProcessors (for example: not eligible for auto-proxying)
[0;39m[31m2024-03-29 08:51:52,176[0;39m [32m[INFO][0;39m org.springframework.ws.soap.addressing.server.AnnotationActionEndpointMapping restartedMain [32mSupporting [WS-Addressing August 2004, WS-Addressing 1.0]
[0;39m[31m2024-03-29 08:51:52,443[0;39m [32m[INFO][0;39m org.springframework.boot.web.embedded.tomcat.TomcatWebServer restartedMain [32mTomcat initialized with port(s): 8101 (http)
[0;39m[31m2024-03-29 08:51:52,459[0;39m [32m[INFO][0;39m org.apache.catalina.core.StandardService restartedMain [32mStarting service [Tomcat]
[0;39m[31m2024-03-29 08:51:52,459[0;39m [32m[INFO][0;39m org.apache.catalina.core.StandardEngine restartedMain [32mStarting Servlet engine: [Apache Tomcat/9.0.73]
[0;39m[31m2024-03-29 08:51:52,587[0;39m [32m[INFO][0;39m org.apache.catalina.core.ContainerBase.[Tomcat].[localhost].[/] restartedMain [32mInitializing Spring embedded WebApplicationContext
[0;39m[31m2024-03-29 08:51:52,587[0;39m [32m[INFO][0;39m org.springframework.boot.web.servlet.context.ServletWebServerApplicationContext restartedMain [32mRoot WebApplicationContext: initialization completed in 1265 ms
[0;39m[31m2024-03-29 08:51:53,109[0;39m [32m[INFO][0;39m com.zaxxer.hikari.HikariDataSource restartedMain [32mHikariPool-1 - Starting...
[0;39m[31m2024-03-29 08:51:53,109[0;39m [32m[WARN][0;39m com.zaxxer.hikari.util.DriverDataSource restartedMain [32mRegistered driver with driverClassName=oracle.jdbc.driver.OracleDriver was not found, trying direct instantiation.
[0;39m[31m2024-03-29 08:51:53,203[0;39m [32m[INFO][0;39m com.zaxxer.hikari.pool.PoolBase restartedMain [32mHikariPool-1 - Driver does not support get/set network timeout for connections. (oracle.jdbc.driver.T4CConnection.getNetworkTimeout()I)
[0;39m[31m2024-03-29 08:51:53,220[0;39m [32m[INFO][0;39m com.zaxxer.hikari.HikariDataSource restartedMain [32mHikariPool-1 - Start completed.
[0;39m[31m2024-03-29 08:51:53,349[0;39m [32m[WARN][0;39m org.springframework.boot.autoconfigure.security.servlet.UserDetailsServiceAutoConfiguration restartedMain [32m

Using generated security password: 08def8db-06b8-4a16-9b68-77d30a043cca

This generated password is for development use only. Your security configuration must be updated before running your application in production.

[0;39m[31m2024-03-29 08:51:53,458[0;39m [32m[INFO][0;39m org.springframework.security.web.DefaultSecurityFilterChain restartedMain [32mWill secure any request with [org.springframework.security.web.session.DisableEncodeUrlFilter@55b5344b, org.springframework.security.web.context.request.async.WebAsyncManagerIntegrationFilter@a1c8f37, org.springframework.security.web.context.SecurityContextPersistenceFilter@5d44c77c, org.springframework.security.web.header.HeaderWriterFilter@70a02d1b, org.springframework.security.web.csrf.CsrfFilter@6f8430e5, org.springframework.security.web.authentication.logout.LogoutFilter@1cb9a5e3, org.springframework.security.web.authentication.UsernamePasswordAuthenticationFilter@5737b6fc, org.springframework.security.web.authentication.ui.DefaultLoginPageGeneratingFilter@683ba26, org.springframework.security.web.authentication.ui.DefaultLogoutPageGeneratingFilter@44a2177e, org.springframework.security.web.authentication.www.BasicAuthenticationFilter@72bba93b, org.springframework.security.web.savedrequest.RequestCacheAwareFilter@6afc2b2d, org.springframework.security.web.servletapi.SecurityContextHolderAwareRequestFilter@52be7904, org.springframework.security.web.authentication.AnonymousAuthenticationFilter@492d49a8, org.springframework.security.web.session.SessionManagementFilter@4da9b0f4, org.springframework.security.web.access.ExceptionTranslationFilter@7841af06, org.springframework.security.web.access.intercept.FilterSecurityInterceptor@71840e84]
[0;39m[31m2024-03-29 08:51:53,504[0;39m [32m[INFO][0;39m org.springframework.boot.devtools.autoconfigure.OptionalLiveReloadServer restartedMain [32mLiveReload server is running on port 35729
[0;39m[31m2024-03-29 08:51:53,552[0;39m [32m[INFO][0;39m org.springframework.boot.web.embedded.tomcat.TomcatWebServer restartedMain [32mTomcat started on port(s): 8101 (http) with context path ''
[0;39m[31m2024-03-29 08:51:53,552[0;39m [32m[INFO][0;39m com.example.demo.DemoApplication restartedMain [32mStarted DemoApplication in 2.623 seconds (JVM running for 3.329)
[0;39m[31m2024-03-29 08:53:57,855[0;39m [32m[INFO][0;39m org.apache.catalina.core.ContainerBase.[Tomcat].[localhost].[/] http-nio-8101-exec-1 [32mInitializing Spring DispatcherServlet 'dispatcherServlet'
[0;39m[31m2024-03-29 08:53:57,855[0;39m [32m[INFO][0;39m org.springframework.web.servlet.DispatcherServlet http-nio-8101-exec-1 [32mInitializing Servlet 'dispatcherServlet'
[0;39m[31m2024-03-29 08:53:57,855[0;39m [32m[INFO][0;39m org.springframework.web.servlet.DispatcherServlet http-nio-8101-exec-1 [32mCompleted initialization in 0 ms
[0;39m[31m2024-03-29 08:58:47,697[0;39m [32m[INFO][0;39m org.springframework.boot.devtools.autoconfigure.LocalDevToolsAutoConfiguration$RestartingClassPathChangeChangedEventListener File Watcher [32mRestarting due to 25 class path changes (0 additions, 25 deletions, 0 modifications)
[0;39m[31m2024-03-29 08:58:47,898[0;39m [32m[INFO][0;39m org.apache.catalina.core.StandardService Thread-11 [32mStopping service [Tomcat]
[0;39m[31m2024-03-29 08:58:47,898[0;39m [32m[INFO][0;39m org.apache.catalina.core.ContainerBase.[Tomcat].[localhost].[/] Thread-11 [32mDestroying Spring FrameworkServlet 'dispatcherServlet'
[0;39m[31m2024-03-29 08:58:47,937[0;39m [32m[INFO][0;39m com.zaxxer.hikari.HikariDataSource Thread-11 [32mHikariPool-1 - Shutdown initiated...
[0;39m[31m2024-03-29 08:58:47,961[0;39m [32m[INFO][0;39m com.zaxxer.hikari.HikariDataSource Thread-11 [32mHikariPool-1 - Shutdown completed.
[0;39m[31m2024-03-29 08:58:48,135[0;39m [32m[INFO][0;39m com.example.demo.DemoApplication restartedMain [32mStarting DemoApplication using Java 1.8.0_292 on WPF45CNSL with PID 24920 (C:\Users\xxshetvm\Desktop\DLTE-JavaFullStack-MEDHINISHETTY-2024\DLTE-Spring\Task\1176-JDBCTransactionSOAPWebservice\target\classes started by xxshetvm in C:\Users\xxshetvm\Desktop\DLTE-JavaFullStack-MEDHINISHETTY-2024\DLTE-Spring\Task\1176-JDBCTransactionSOAPWebservice)
[0;39m[31m2024-03-29 08:58:48,135[0;39m [32m[INFO][0;39m com.example.demo.DemoApplication restartedMain [32mNo active profile set, falling back to 1 default profile: "default"
[0;39m[31m2024-03-29 08:58:48,295[0;39m [32m[INFO][0;39m org.springframework.data.repository.config.RepositoryConfigurationDelegate restartedMain [32mBootstrapping Spring Data JDBC repositories in DEFAULT mode.
[0;39m[31m2024-03-29 08:58:48,308[0;39m [32m[INFO][0;39m org.springframework.data.repository.config.RepositoryConfigurationDelegate restartedMain [32mFinished Spring Data repository scanning in 0 ms. Found 0 JDBC repository interfaces.
[0;39m[31m2024-03-29 08:58:48,386[0;39m [32m[INFO][0;39m org.springframework.context.support.PostProcessorRegistrationDelegate$BeanPostProcessorChecker restartedMain [32mBean 'org.springframework.ws.config.annotation.DelegatingWsConfiguration' of type [org.springframework.ws.config.annotation.DelegatingWsConfiguration$$EnhancerBySpringCGLIB$$224129e9] is not eligible for getting processed by all BeanPostProcessors (for example: not eligible for auto-proxying)
[0;39m[31m2024-03-29 08:58:48,389[0;39m [32m[INFO][0;39m org.springframework.ws.soap.addressing.server.AnnotationActionEndpointMapping restartedMain [32mSupporting [WS-Addressing August 2004, WS-Addressing 1.0]
[0;39m[31m2024-03-29 08:58:48,515[0;39m [32m[INFO][0;39m org.springframework.boot.web.embedded.tomcat.TomcatWebServer restartedMain [32mTomcat initialized with port(s): 8101 (http)
[0;39m[31m2024-03-29 08:58:48,517[0;39m [32m[INFO][0;39m org.apache.catalina.core.StandardService restartedMain [32mStarting service [Tomcat]
[0;39m[31m2024-03-29 08:58:48,518[0;39m [32m[INFO][0;39m org.apache.catalina.core.StandardEngine restartedMain [32mStarting Servlet engine: [Apache Tomcat/9.0.73]
[0;39m[31m2024-03-29 08:58:48,563[0;39m [32m[INFO][0;39m org.apache.catalina.core.ContainerBase.[Tomcat].[localhost].[/] restartedMain [32mInitializing Spring embedded WebApplicationContext
[0;39m[31m2024-03-29 08:58:48,563[0;39m [32m[INFO][0;39m org.springframework.boot.web.servlet.context.ServletWebServerApplicationContext restartedMain [32mRoot WebApplicationContext: initialization completed in 428 ms
[0;39m[31m2024-03-29 08:58:48,689[0;39m [32m[INFO][0;39m com.zaxxer.hikari.HikariDataSource restartedMain [32mHikariPool-2 - Starting...
[0;39m[31m2024-03-29 08:58:48,689[0;39m [32m[WARN][0;39m com.zaxxer.hikari.util.DriverDataSource restartedMain [32mRegistered driver with driverClassName=oracle.jdbc.driver.OracleDriver was not found, trying direct instantiation.
[0;39m[31m2024-03-29 08:58:48,832[0;39m [32m[INFO][0;39m com.zaxxer.hikari.pool.PoolBase restartedMain [32mHikariPool-2 - Driver does not support get/set network timeout for connections. (oracle.jdbc.driver.T4CConnection.getNetworkTimeout()I)
[0;39m[31m2024-03-29 08:58:48,832[0;39m [32m[INFO][0;39m com.zaxxer.hikari.HikariDataSource restartedMain [32mHikariPool-2 - Start completed.
[0;39m[31m2024-03-29 08:58:48,847[0;39m [32m[WARN][0;39m org.springframework.boot.autoconfigure.security.servlet.UserDetailsServiceAutoConfiguration restartedMain [32m

Using generated security password: 6b96920f-d1f8-4f83-babb-981de01fafe8

This generated password is for development use only. Your security configuration must be updated before running your application in production.

[0;39m[31m2024-03-29 08:58:48,847[0;39m [32m[INFO][0;39m org.springframework.security.web.DefaultSecurityFilterChain restartedMain [32mWill secure any request with [org.springframework.security.web.session.DisableEncodeUrlFilter@4b7cca07, org.springframework.security.web.context.request.async.WebAsyncManagerIntegrationFilter@6bffacf3, org.springframework.security.web.context.SecurityContextPersistenceFilter@40990df3, org.springframework.security.web.header.HeaderWriterFilter@6227bd34, org.springframework.security.web.csrf.CsrfFilter@7e5731fd, org.springframework.security.web.authentication.logout.LogoutFilter@5e5ac48f, org.springframework.security.web.authentication.UsernamePasswordAuthenticationFilter@326a0070, org.springframework.security.web.authentication.ui.DefaultLoginPageGeneratingFilter@1a6dd15, org.springframework.security.web.authentication.ui.DefaultLogoutPageGeneratingFilter@9f4487c, org.springframework.security.web.authentication.www.BasicAuthenticationFilter@5505d54f, org.springframework.security.web.savedrequest.RequestCacheAwareFilter@6967d64d, org.springframework.security.web.servletapi.SecurityContextHolderAwareRequestFilter@36f60848, org.springframework.security.web.authentication.AnonymousAuthenticationFilter@72a04ba0, org.springframework.security.web.session.SessionManagementFilter@7060c37, org.springframework.security.web.access.ExceptionTranslationFilter@3bb24ca9, org.springframework.security.web.access.intercept.FilterSecurityInterceptor@2b017457]
[0;39m[31m2024-03-29 08:58:48,863[0;39m [32m[INFO][0;39m org.springframework.boot.devtools.autoconfigure.OptionalLiveReloadServer restartedMain [32mLiveReload server is running on port 35729
[0;39m[31m2024-03-29 08:58:48,879[0;39m [32m[INFO][0;39m org.springframework.boot.web.embedded.tomcat.TomcatWebServer restartedMain [32mTomcat started on port(s): 8101 (http) with context path ''
[0;39m[31m2024-03-29 08:58:48,879[0;39m [32m[INFO][0;39m com.example.demo.DemoApplication restartedMain [32mStarted DemoApplication in 0.77 seconds (JVM running for 418.649)
[0;39m[31m2024-03-29 08:58:48,879[0;39m [32m[INFO][0;39m org.springframework.boot.devtools.autoconfigure.ConditionEvaluationDeltaLoggingListener restartedMain [32mCondition evaluation delta:


==========================
CONDITION EVALUATION DELTA
==========================


Positive matches:
-----------------

   WebServicesAutoConfiguration matched:
      - @ConditionalOnClass found required class 'org.springframework.ws.transport.http.MessageDispatcherServlet' (OnClassCondition)
      - found 'session' scope (OnWebApplicationCondition)
      - @ConditionalOnMissingBean (types: org.springframework.ws.config.annotation.WsConfigurationSupport; SearchStrategy: all) did not find any beans (OnBeanCondition)


Negative matches:
-----------------

   WebServicesAutoConfiguration#wsdlDefinitionBeanFactoryPostProcessor:
      Did not match:
         - WSDL locations did not find property spring.webservices.wsdl-locations (OnWsdlLocationsCondition)


Exclusions:
-----------

    None


Unconditional classes:
----------------------

    None



[0;39m[31m2024-03-29 08:58:50,288[0;39m [32m[INFO][0;39m org.springframework.boot.devtools.autoconfigure.LocalDevToolsAutoConfiguration$RestartingClassPathChangeChangedEventListener File Watcher [32mRestarting due to 25 class path changes (25 additions, 0 deletions, 0 modifications)
[0;39m[31m2024-03-29 08:58:50,430[0;39m [32m[INFO][0;39m org.apache.catalina.core.StandardService Thread-17 [32mStopping service [Tomcat]
[0;39m[31m2024-03-29 08:58:50,448[0;39m [32m[INFO][0;39m com.zaxxer.hikari.HikariDataSource Thread-17 [32mHikariPool-2 - Shutdown initiated...
[0;39m[31m2024-03-29 08:58:50,462[0;39m [32m[INFO][0;39m com.zaxxer.hikari.HikariDataSource Thread-17 [32mHikariPool-2 - Shutdown completed.
[0;39m[31m2024-03-29 08:58:50,652[0;39m [32m[INFO][0;39m com.example.demo.DemoApplication restartedMain [32mStarting DemoApplication using Java 1.8.0_292 on WPF45CNSL with PID 24920 (C:\Users\xxshetvm\Desktop\DLTE-JavaFullStack-MEDHINISHETTY-2024\DLTE-Spring\Task\1176-JDBCTransactionSOAPWebservice\target\classes started by xxshetvm in C:\Users\xxshetvm\Desktop\DLTE-JavaFullStack-MEDHINISHETTY-2024\DLTE-Spring\Task\1176-JDBCTransactionSOAPWebservice)
[0;39m[31m2024-03-29 08:58:50,654[0;39m [32m[INFO][0;39m com.example.demo.DemoApplication restartedMain [32mNo active profile set, falling back to 1 default profile: "default"
[0;39m[31m2024-03-29 08:58:50,970[0;39m [32m[INFO][0;39m org.springframework.data.repository.config.RepositoryConfigurationDelegate restartedMain [32mBootstrapping Spring Data JDBC repositories in DEFAULT mode.
[0;39m[31m2024-03-29 08:58:50,970[0;39m [32m[INFO][0;39m org.springframework.data.repository.config.RepositoryConfigurationDelegate restartedMain [32mFinished Spring Data repository scanning in 4 ms. Found 0 JDBC repository interfaces.
[0;39m[31m2024-03-29 08:58:51,064[0;39m [32m[INFO][0;39m org.springframework.context.support.PostProcessorRegistrationDelegate$BeanPostProcessorChecker restartedMain [32mBean 'soapServiceConfiguration' of type [com.example.demo.configs.SoapServiceConfiguration$$EnhancerBySpringCGLIB$$e68e6392] is not eligible for getting processed by all BeanPostProcessors (for example: not eligible for auto-proxying)
[0;39m[31m2024-03-29 08:58:51,064[0;39m [32m[INFO][0;39m org.springframework.context.support.PostProcessorRegistrationDelegate$BeanPostProcessorChecker restartedMain [32mBean 'org.springframework.ws.config.annotation.DelegatingWsConfiguration' of type [org.springframework.ws.config.annotation.DelegatingWsConfiguration$$EnhancerBySpringCGLIB$$224129e9] is not eligible for getting processed by all BeanPostProcessors (for example: not eligible for auto-proxying)
[0;39m[31m2024-03-29 08:58:51,064[0;39m [32m[INFO][0;39m org.springframework.ws.soap.addressing.server.AnnotationActionEndpointMapping restartedMain [32mSupporting [WS-Addressing August 2004, WS-Addressing 1.0]
[0;39m[31m2024-03-29 08:58:51,159[0;39m [32m[INFO][0;39m org.springframework.boot.web.embedded.tomcat.TomcatWebServer restartedMain [32mTomcat initialized with port(s): 8101 (http)
[0;39m[31m2024-03-29 08:58:51,159[0;39m [32m[INFO][0;39m org.apache.catalina.core.StandardService restartedMain [32mStarting service [Tomcat]
[0;39m[31m2024-03-29 08:58:51,159[0;39m [32m[INFO][0;39m org.apache.catalina.core.StandardEngine restartedMain [32mStarting Servlet engine: [Apache Tomcat/9.0.73]
[0;39m[31m2024-03-29 08:58:51,190[0;39m [32m[INFO][0;39m org.apache.catalina.core.ContainerBase.[Tomcat].[localhost].[/] restartedMain [32mInitializing Spring embedded WebApplicationContext
[0;39m[31m2024-03-29 08:58:51,190[0;39m [32m[INFO][0;39m org.springframework.boot.web.servlet.context.ServletWebServerApplicationContext restartedMain [32mRoot WebApplicationContext: initialization completed in 536 ms
[0;39m[31m2024-03-29 08:58:51,381[0;39m [32m[INFO][0;39m com.zaxxer.hikari.HikariDataSource restartedMain [32mHikariPool-3 - Starting...
[0;39m[31m2024-03-29 08:58:51,381[0;39m [32m[WARN][0;39m com.zaxxer.hikari.util.DriverDataSource restartedMain [32mRegistered driver with driverClassName=oracle.jdbc.driver.OracleDriver was not found, trying direct instantiation.
[0;39m[31m2024-03-29 08:58:51,413[0;39m [32m[INFO][0;39m com.zaxxer.hikari.pool.PoolBase restartedMain [32mHikariPool-3 - Driver does not support get/set network timeout for connections. (oracle.jdbc.driver.T4CConnection.getNetworkTimeout()I)
[0;39m[31m2024-03-29 08:58:51,425[0;39m [32m[INFO][0;39m com.zaxxer.hikari.HikariDataSource restartedMain [32mHikariPool-3 - Start completed.
[0;39m[31m2024-03-29 08:58:51,446[0;39m [32m[WARN][0;39m org.springframework.boot.autoconfigure.security.servlet.UserDetailsServiceAutoConfiguration restartedMain [32m

Using generated security password: a72dba6f-deab-45c2-abe5-ebb243c92577

This generated password is for development use only. Your security configuration must be updated before running your application in production.

[0;39m[31m2024-03-29 08:58:51,461[0;39m [32m[INFO][0;39m org.springframework.security.web.DefaultSecurityFilterChain restartedMain [32mWill secure any request with [org.springframework.security.web.session.DisableEncodeUrlFilter@2a83e217, org.springframework.security.web.context.request.async.WebAsyncManagerIntegrationFilter@49d909e6, org.springframework.security.web.context.SecurityContextPersistenceFilter@1d86b58, org.springframework.security.web.header.HeaderWriterFilter@fd6a274, org.springframework.security.web.csrf.CsrfFilter@290e85b0, org.springframework.security.web.authentication.logout.LogoutFilter@542bdc71, org.springframework.security.web.authentication.UsernamePasswordAuthenticationFilter@7798d1a9, org.springframework.security.web.authentication.ui.DefaultLoginPageGeneratingFilter@1f1c1797, org.springframework.security.web.authentication.ui.DefaultLogoutPageGeneratingFilter@787d8ced, org.springframework.security.web.authentication.www.BasicAuthenticationFilter@573e8043, org.springframework.security.web.savedrequest.RequestCacheAwareFilter@4b184cd9, org.springframework.security.web.servletapi.SecurityContextHolderAwareRequestFilter@716792cc, org.springframework.security.web.authentication.AnonymousAuthenticationFilter@5be23739, org.springframework.security.web.session.SessionManagementFilter@5c265669, org.springframework.security.web.access.ExceptionTranslationFilter@7ea69597, org.springframework.security.web.access.intercept.FilterSecurityInterceptor@500677e6]
[0;39m[31m2024-03-29 08:58:51,477[0;39m [32m[INFO][0;39m org.springframework.boot.devtools.autoconfigure.OptionalLiveReloadServer restartedMain [32mLiveReload server is running on port 35729
[0;39m[31m2024-03-29 08:58:51,494[0;39m [32m[INFO][0;39m org.springframework.boot.web.embedded.tomcat.TomcatWebServer restartedMain [32mTomcat started on port(s): 8101 (http) with context path ''
[0;39m[31m2024-03-29 08:58:51,494[0;39m [32m[INFO][0;39m com.example.demo.DemoApplication restartedMain [32mStarted DemoApplication in 0.882 seconds (JVM running for 421.265)
[0;39m[31m2024-03-29 08:58:51,494[0;39m [32m[INFO][0;39m org.springframework.boot.devtools.autoconfigure.ConditionEvaluationDeltaLoggingListener restartedMain [32mCondition evaluation delta:


==========================
CONDITION EVALUATION DELTA
==========================


Positive matches:
-----------------

    None


Negative matches:
-----------------

   WebServicesAutoConfiguration:
      Did not match:
         - @ConditionalOnMissingBean (types: org.springframework.ws.config.annotation.WsConfigurationSupport; SearchStrategy: all) found beans of type 'org.springframework.ws.config.annotation.WsConfigurationSupport' org.springframework.ws.config.annotation.DelegatingWsConfiguration (OnBeanCondition)
      Matched:
         - @ConditionalOnClass found required class 'org.springframework.ws.transport.http.MessageDispatcherServlet' (OnClassCondition)
         - found 'session' scope (OnWebApplicationCondition)


Exclusions:
-----------

    None


Unconditional classes:
----------------------

    None



[0;39m[31m2024-03-29 08:59:04,248[0;39m [32m[INFO][0;39m com.example.demo.DemoApplication restartedMain [32mStarting DemoApplication using Java 1.8.0_292 on WPF45CNSL with PID 28312 (C:\Users\xxshetvm\Desktop\DLTE-JavaFullStack-MEDHINISHETTY-2024\DLTE-Spring\Task\1176-JDBCTransactionSOAPWebservice\target\classes started by xxshetvm in C:\Users\xxshetvm\Desktop\DLTE-JavaFullStack-MEDHINISHETTY-2024\DLTE-Spring\Task\1176-JDBCTransactionSOAPWebservice)
[0;39m[31m2024-03-29 08:59:04,248[0;39m [32m[INFO][0;39m com.example.demo.DemoApplication restartedMain [32mNo active profile set, falling back to 1 default profile: "default"
[0;39m[31m2024-03-29 08:59:04,311[0;39m [32m[INFO][0;39m org.springframework.boot.devtools.restart.ChangeableUrls restartedMain [32mThe Class-Path manifest attribute in C:\Users\xxshetvm\.m2\repository\com\oracle\database\security\oraclepki\21.5.0.0\oraclepki-21.5.0.0.jar referenced one or more files that do not exist: file:/C:/Users/xxshetvm/.m2/repository/com/oracle/database/security/oraclepki/21.5.0.0/osdt_core.jar,file:/C:/Users/xxshetvm/.m2/repository/com/oracle/database/security/oraclepki/21.5.0.0/osdt_cert.jar,file:/C:/Users/xxshetvm/.m2/repository/com/oracle/database/security/oraclepki/oracle.osdt/osdt_core.jar,file:/C:/Users/xxshetvm/.m2/repository/com/oracle/database/security/oraclepki/oracle.osdt/osdt_cert.jar
[0;39m[31m2024-03-29 08:59:04,311[0;39m [32m[INFO][0;39m org.springframework.boot.devtools.env.DevToolsPropertyDefaultsPostProcessor restartedMain [32mDevtools property defaults active! Set 'spring.devtools.add-properties' to 'false' to disable
[0;39m[31m2024-03-29 08:59:04,311[0;39m [32m[INFO][0;39m org.springframework.boot.devtools.env.DevToolsPropertyDefaultsPostProcessor restartedMain [32mFor additional web related logging consider setting the 'logging.level.web' property to 'DEBUG'
[0;39m[31m2024-03-29 08:59:05,274[0;39m [32m[INFO][0;39m org.springframework.data.repository.config.RepositoryConfigurationDelegate restartedMain [32mBootstrapping Spring Data JDBC repositories in DEFAULT mode.
[0;39m[31m2024-03-29 08:59:05,290[0;39m [32m[INFO][0;39m org.springframework.data.repository.config.RepositoryConfigurationDelegate restartedMain [32mFinished Spring Data repository scanning in 10 ms. Found 0 JDBC repository interfaces.
[0;39m[31m2024-03-29 08:59:05,576[0;39m [32m[INFO][0;39m org.springframework.context.support.PostProcessorRegistrationDelegate$BeanPostProcessorChecker restartedMain [32mBean 'soapServiceConfiguration' of type [com.example.demo.configs.SoapServiceConfiguration$$EnhancerBySpringCGLIB$$5039499a] is not eligible for getting processed by all BeanPostProcessors (for example: not eligible for auto-proxying)
[0;39m[31m2024-03-29 08:59:05,576[0;39m [32m[INFO][0;39m org.springframework.context.support.PostProcessorRegistrationDelegate$BeanPostProcessorChecker restartedMain [32mBean 'org.springframework.ws.config.annotation.DelegatingWsConfiguration' of type [org.springframework.ws.config.annotation.DelegatingWsConfiguration$$EnhancerBySpringCGLIB$$8bec0ff1] is not eligible for getting processed by all BeanPostProcessors (for example: not eligible for auto-proxying)
[0;39m[31m2024-03-29 08:59:05,623[0;39m [32m[INFO][0;39m org.springframework.ws.soap.addressing.server.AnnotationActionEndpointMapping restartedMain [32mSupporting [WS-Addressing August 2004, WS-Addressing 1.0]
[0;39m[31m2024-03-29 08:59:05,942[0;39m [32m[INFO][0;39m org.springframework.boot.web.embedded.tomcat.TomcatWebServer restartedMain [32mTomcat initialized with port(s): 8101 (http)
[0;39m[31m2024-03-29 08:59:05,942[0;39m [32m[INFO][0;39m org.apache.catalina.core.StandardService restartedMain [32mStarting service [Tomcat]
[0;39m[31m2024-03-29 08:59:05,942[0;39m [32m[INFO][0;39m org.apache.catalina.core.StandardEngine restartedMain [32mStarting Servlet engine: [Apache Tomcat/9.0.73]
[0;39m[31m2024-03-29 08:59:06,068[0;39m [32m[INFO][0;39m org.apache.catalina.core.ContainerBase.[Tomcat].[localhost].[/] restartedMain [32mInitializing Spring embedded WebApplicationContext
[0;39m[31m2024-03-29 08:59:06,068[0;39m [32m[INFO][0;39m org.springframework.boot.web.servlet.context.ServletWebServerApplicationContext restartedMain [32mRoot WebApplicationContext: initialization completed in 1757 ms
[0;39m[31m2024-03-29 08:59:06,576[0;39m [32m[INFO][0;39m com.zaxxer.hikari.HikariDataSource restartedMain [32mHikariPool-1 - Starting...
[0;39m[31m2024-03-29 08:59:06,576[0;39m [32m[WARN][0;39m com.zaxxer.hikari.util.DriverDataSource restartedMain [32mRegistered driver with driverClassName=oracle.jdbc.driver.OracleDriver was not found, trying direct instantiation.
[0;39m[31m2024-03-29 08:59:06,672[0;39m [32m[INFO][0;39m com.zaxxer.hikari.pool.PoolBase restartedMain [32mHikariPool-1 - Driver does not support get/set network timeout for connections. (oracle.jdbc.driver.T4CConnection.getNetworkTimeout()I)
[0;39m[31m2024-03-29 08:59:06,672[0;39m [32m[INFO][0;39m com.zaxxer.hikari.HikariDataSource restartedMain [32mHikariPool-1 - Start completed.
[0;39m[31m2024-03-29 08:59:06,798[0;39m [32m[WARN][0;39m org.springframework.boot.autoconfigure.security.servlet.UserDetailsServiceAutoConfiguration restartedMain [32m

Using generated security password: 2c8483f1-6e5d-4016-b227-c9378d8d4dbe

This generated password is for development use only. Your security configuration must be updated before running your application in production.

[0;39m[31m2024-03-29 08:59:06,940[0;39m [32m[INFO][0;39m org.springframework.security.web.DefaultSecurityFilterChain restartedMain [32mWill secure any request with [org.springframework.security.web.session.DisableEncodeUrlFilter@4c79bf7a, org.springframework.security.web.context.request.async.WebAsyncManagerIntegrationFilter@77a5167e, org.springframework.security.web.context.SecurityContextPersistenceFilter@bda4a80, org.springframework.security.web.header.HeaderWriterFilter@3aa0b623, org.springframework.security.web.csrf.CsrfFilter@42ef1898, org.springframework.security.web.authentication.logout.LogoutFilter@65dd8d40, org.springframework.security.web.authentication.UsernamePasswordAuthenticationFilter@36d91ebe, org.springframework.security.web.authentication.ui.DefaultLoginPageGeneratingFilter@2627a7b, org.springframework.security.web.authentication.ui.DefaultLogoutPageGeneratingFilter@329eb819, org.springframework.security.web.authentication.www.BasicAuthenticationFilter@57f36489, org.springframework.security.web.savedrequest.RequestCacheAwareFilter@6d04f174, org.springframework.security.web.servletapi.SecurityContextHolderAwareRequestFilter@2728a429, org.springframework.security.web.authentication.AnonymousAuthenticationFilter@6450e77a, org.springframework.security.web.session.SessionManagementFilter@17a6b685, org.springframework.security.web.access.ExceptionTranslationFilter@6dc9116e, org.springframework.security.web.access.intercept.FilterSecurityInterceptor@297bcef0]
[0;39m[31m2024-03-29 08:59:06,987[0;39m [32m[INFO][0;39m org.springframework.boot.devtools.autoconfigure.OptionalLiveReloadServer restartedMain [32mLiveReload server is running on port 35729
[0;39m[31m2024-03-29 08:59:07,034[0;39m [32m[INFO][0;39m org.springframework.boot.web.embedded.tomcat.TomcatWebServer restartedMain [32mTomcat started on port(s): 8101 (http) with context path ''
[0;39m[31m2024-03-29 08:59:07,039[0;39m [32m[INFO][0;39m com.example.demo.DemoApplication restartedMain [32mStarted DemoApplication in 3.324 seconds (JVM running for 4.663)
[0;39m[31m2024-03-29 08:59:21,605[0;39m [32m[INFO][0;39m org.apache.catalina.core.ContainerBase.[Tomcat].[localhost].[/] http-nio-8101-exec-1 [32mInitializing Spring DispatcherServlet 'dispatcherServlet'
[0;39m[31m2024-03-29 08:59:21,605[0;39m [32m[INFO][0;39m org.springframework.web.servlet.DispatcherServlet http-nio-8101-exec-1 [32mInitializing Servlet 'dispatcherServlet'
[0;39m[31m2024-03-29 08:59:21,617[0;39m [32m[INFO][0;39m org.springframework.web.servlet.DispatcherServlet http-nio-8101-exec-1 [32mCompleted initialization in 12 ms
[0;39m[31m2024-03-29 09:00:15,984[0;39m [32m[INFO][0;39m com.example.demo.DemoApplication restartedMain [32mStarting DemoApplication using Java 1.8.0_292 on WPF45CNSL with PID 5620 (C:\Users\xxshetvm\Desktop\DLTE-JavaFullStack-MEDHINISHETTY-2024\DLTE-Spring\Task\1176-JDBCTransactionSOAPWebservice\target\classes started by xxshetvm in C:\Users\xxshetvm\Desktop\DLTE-JavaFullStack-MEDHINISHETTY-2024\DLTE-Spring\Task\1176-JDBCTransactionSOAPWebservice)
[0;39m[31m2024-03-29 09:00:15,984[0;39m [32m[INFO][0;39m com.example.demo.DemoApplication restartedMain [32mNo active profile set, falling back to 1 default profile: "default"
[0;39m[31m2024-03-29 09:00:16,075[0;39m [32m[INFO][0;39m org.springframework.boot.devtools.restart.ChangeableUrls restartedMain [32mThe Class-Path manifest attribute in C:\Users\xxshetvm\.m2\repository\com\oracle\database\security\oraclepki\21.5.0.0\oraclepki-21.5.0.0.jar referenced one or more files that do not exist: file:/C:/Users/xxshetvm/.m2/repository/com/oracle/database/security/oraclepki/21.5.0.0/osdt_core.jar,file:/C:/Users/xxshetvm/.m2/repository/com/oracle/database/security/oraclepki/21.5.0.0/osdt_cert.jar,file:/C:/Users/xxshetvm/.m2/repository/com/oracle/database/security/oraclepki/oracle.osdt/osdt_core.jar,file:/C:/Users/xxshetvm/.m2/repository/com/oracle/database/security/oraclepki/oracle.osdt/osdt_cert.jar
[0;39m[31m2024-03-29 09:00:16,075[0;39m [32m[INFO][0;39m org.springframework.boot.devtools.env.DevToolsPropertyDefaultsPostProcessor restartedMain [32mDevtools property defaults active! Set 'spring.devtools.add-properties' to 'false' to disable
[0;39m[31m2024-03-29 09:00:16,075[0;39m [32m[INFO][0;39m org.springframework.boot.devtools.env.DevToolsPropertyDefaultsPostProcessor restartedMain [32mFor additional web related logging consider setting the 'logging.level.web' property to 'DEBUG'
[0;39m[31m2024-03-29 09:00:16,611[0;39m [32m[INFO][0;39m org.springframework.data.repository.config.RepositoryConfigurationDelegate restartedMain [32mBootstrapping Spring Data JDBC repositories in DEFAULT mode.
[0;39m[31m2024-03-29 09:00:16,627[0;39m [32m[INFO][0;39m org.springframework.data.repository.config.RepositoryConfigurationDelegate restartedMain [32mFinished Spring Data repository scanning in 7 ms. Found 0 JDBC repository interfaces.
[0;39m[31m2024-03-29 09:00:16,801[0;39m [32m[INFO][0;39m org.springframework.context.support.PostProcessorRegistrationDelegate$BeanPostProcessorChecker restartedMain [32mBean 'soapServiceConfiguration' of type [com.example.demo.configs.SoapServiceConfiguration$$EnhancerBySpringCGLIB$$b8578be3] is not eligible for getting processed by all BeanPostProcessors (for example: not eligible for auto-proxying)
[0;39m[31m2024-03-29 09:00:16,801[0;39m [32m[INFO][0;39m org.springframework.context.support.PostProcessorRegistrationDelegate$BeanPostProcessorChecker restartedMain [32mBean 'org.springframework.ws.config.annotation.DelegatingWsConfiguration' of type [org.springframework.ws.config.annotation.DelegatingWsConfiguration$$EnhancerBySpringCGLIB$$f40a523a] is not eligible for getting processed by all BeanPostProcessors (for example: not eligible for auto-proxying)
[0;39m[31m2024-03-29 09:00:16,844[0;39m [32m[INFO][0;39m org.springframework.ws.soap.addressing.server.AnnotationActionEndpointMapping restartedMain [32mSupporting [WS-Addressing August 2004, WS-Addressing 1.0]
[0;39m[31m2024-03-29 09:00:17,069[0;39m [32m[INFO][0;39m org.springframework.boot.web.embedded.tomcat.TomcatWebServer restartedMain [32mTomcat initialized with port(s): 8101 (http)
[0;39m[31m2024-03-29 09:00:17,069[0;39m [32m[INFO][0;39m org.apache.catalina.core.StandardService restartedMain [32mStarting service [Tomcat]
[0;39m[31m2024-03-29 09:00:17,069[0;39m [32m[INFO][0;39m org.apache.catalina.core.StandardEngine restartedMain [32mStarting Servlet engine: [Apache Tomcat/9.0.73]
[0;39m[31m2024-03-29 09:00:17,166[0;39m [32m[INFO][0;39m org.apache.catalina.core.ContainerBase.[Tomcat].[localhost].[/] restartedMain [32mInitializing Spring embedded WebApplicationContext
[0;39m[31m2024-03-29 09:00:17,167[0;39m [32m[INFO][0;39m org.springframework.boot.web.servlet.context.ServletWebServerApplicationContext restartedMain [32mRoot WebApplicationContext: initialization completed in 1092 ms
[0;39m[31m2024-03-29 09:00:17,598[0;39m [32m[INFO][0;39m com.zaxxer.hikari.HikariDataSource restartedMain [32mHikariPool-1 - Starting...
[0;39m[31m2024-03-29 09:00:17,603[0;39m [32m[WARN][0;39m com.zaxxer.hikari.util.DriverDataSource restartedMain [32mRegistered driver with driverClassName=oracle.jdbc.driver.OracleDriver was not found, trying direct instantiation.
[0;39m[31m2024-03-29 09:00:17,670[0;39m [32m[INFO][0;39m com.zaxxer.hikari.pool.PoolBase restartedMain [32mHikariPool-1 - Driver does not support get/set network timeout for connections. (oracle.jdbc.driver.T4CConnection.getNetworkTimeout()I)
[0;39m[31m2024-03-29 09:00:17,670[0;39m [32m[INFO][0;39m com.zaxxer.hikari.HikariDataSource restartedMain [32mHikariPool-1 - Start completed.
[0;39m[31m2024-03-29 09:00:17,781[0;39m [32m[WARN][0;39m org.springframework.boot.autoconfigure.security.servlet.UserDetailsServiceAutoConfiguration restartedMain [32m

Using generated security password: 4a4011b7-cd0b-4e13-aff4-6e13f7fd09b7

This generated password is for development use only. Your security configuration must be updated before running your application in production.

[0;39m[31m2024-03-29 09:00:17,862[0;39m [32m[INFO][0;39m org.springframework.security.web.DefaultSecurityFilterChain restartedMain [32mWill secure any request with [org.springframework.security.web.session.DisableEncodeUrlFilter@23ed08a2, org.springframework.security.web.context.request.async.WebAsyncManagerIntegrationFilter@38051115, org.springframework.security.web.context.SecurityContextPersistenceFilter@2dd6d4c5, org.springframework.security.web.header.HeaderWriterFilter@6cd8e346, org.springframework.security.web.csrf.CsrfFilter@2dfffa00, org.springframework.security.web.authentication.logout.LogoutFilter@7e381b1e, org.springframework.security.web.authentication.UsernamePasswordAuthenticationFilter@41361eb9, org.springframework.security.web.authentication.ui.DefaultLoginPageGeneratingFilter@14658281, org.springframework.security.web.authentication.ui.DefaultLogoutPageGeneratingFilter@f768e41, org.springframework.security.web.authentication.www.BasicAuthenticationFilter@3ce4fdec, org.springframework.security.web.savedrequest.RequestCacheAwareFilter@52265e15, org.springframework.security.web.servletapi.SecurityContextHolderAwareRequestFilter@3126a3db, org.springframework.security.web.authentication.AnonymousAuthenticationFilter@27aa1b52, org.springframework.security.web.session.SessionManagementFilter@54ff0201, org.springframework.security.web.access.ExceptionTranslationFilter@6d72976a, org.springframework.security.web.access.intercept.FilterSecurityInterceptor@76b2c58d]
[0;39m[31m2024-03-29 09:00:17,908[0;39m [32m[INFO][0;39m org.springframework.boot.devtools.autoconfigure.OptionalLiveReloadServer restartedMain [32mLiveReload server is running on port 35729
[0;39m[31m2024-03-29 09:00:17,948[0;39m [32m[INFO][0;39m org.springframework.boot.web.embedded.tomcat.TomcatWebServer restartedMain [32mTomcat started on port(s): 8101 (http) with context path ''
[0;39m[31m2024-03-29 09:00:17,956[0;39m [32m[INFO][0;39m com.example.demo.DemoApplication restartedMain [32mStarted DemoApplication in 2.424 seconds (JVM running for 3.181)
[0;39m[31m2024-03-29 09:02:46,688[0;39m [32m[INFO][0;39m org.apache.catalina.core.ContainerBase.[Tomcat].[localhost].[/] http-nio-8101-exec-1 [32mInitializing Spring MessageDispatcherServlet 'messageDispatcherServlet'
[0;39m[31m2024-03-29 09:02:46,688[0;39m [32m[INFO][0;39m org.springframework.ws.transport.http.MessageDispatcherServlet http-nio-8101-exec-1 [32mInitializing Servlet 'messageDispatcherServlet'
[0;39m[31m2024-03-29 09:02:46,739[0;39m [32m[INFO][0;39m org.springframework.ws.soap.saaj.SaajSoapMessageFactory http-nio-8101-exec-1 [32mCreating SAAJ 1.3 MessageFactory with SOAP 1.1 Protocol
[0;39m[31m2024-03-29 09:02:46,767[0;39m [32m[INFO][0;39m org.springframework.ws.transport.http.MessageDispatcherServlet http-nio-8101-exec-1 [32mCompleted initialization in 79 ms
[0;39m[31m2024-03-29 09:02:46,863[0;39m [32m[INFO][0;39m org.apache.catalina.core.ContainerBase.[Tomcat].[localhost].[/] http-nio-8101-exec-2 [32mInitializing Spring DispatcherServlet 'dispatcherServlet'
[0;39m[31m2024-03-29 09:02:46,863[0;39m [32m[INFO][0;39m org.springframework.web.servlet.DispatcherServlet http-nio-8101-exec-2 [32mInitializing Servlet 'dispatcherServlet'
[0;39m[31m2024-03-29 09:02:46,863[0;39m [32m[INFO][0;39m org.springframework.web.servlet.DispatcherServlet http-nio-8101-exec-2 [32mCompleted initialization in 0 ms
[0;39m[31m2024-03-29 09:04:39,066[0;39m [32m[INFO][0;39m com.example.demo.DemoApplication restartedMain [32mStarting DemoApplication using Java 1.8.0_292 on WPF45CNSL with PID 15028 (C:\Users\xxshetvm\Desktop\DLTE-JavaFullStack-MEDHINISHETTY-2024\DLTE-Spring\Task\1176-JDBCTransactionSOAPWebservice\target\classes started by xxshetvm in C:\Users\xxshetvm\Desktop\DLTE-JavaFullStack-MEDHINISHETTY-2024\DLTE-Spring\Task\1176-JDBCTransactionSOAPWebservice)
[0;39m[31m2024-03-29 09:04:39,066[0;39m [32m[INFO][0;39m com.example.demo.DemoApplication restartedMain [32mNo active profile set, falling back to 1 default profile: "default"
[0;39m[31m2024-03-29 09:04:39,177[0;39m [32m[INFO][0;39m org.springframework.boot.devtools.restart.ChangeableUrls restartedMain [32mThe Class-Path manifest attribute in C:\Users\xxshetvm\.m2\repository\com\oracle\database\security\oraclepki\21.5.0.0\oraclepki-21.5.0.0.jar referenced one or more files that do not exist: file:/C:/Users/xxshetvm/.m2/repository/com/oracle/database/security/oraclepki/21.5.0.0/osdt_core.jar,file:/C:/Users/xxshetvm/.m2/repository/com/oracle/database/security/oraclepki/21.5.0.0/osdt_cert.jar,file:/C:/Users/xxshetvm/.m2/repository/com/oracle/database/security/oraclepki/oracle.osdt/osdt_core.jar,file:/C:/Users/xxshetvm/.m2/repository/com/oracle/database/security/oraclepki/oracle.osdt/osdt_cert.jar
[0;39m[31m2024-03-29 09:04:39,177[0;39m [32m[INFO][0;39m org.springframework.boot.devtools.env.DevToolsPropertyDefaultsPostProcessor restartedMain [32mDevtools property defaults active! Set 'spring.devtools.add-properties' to 'false' to disable
[0;39m[31m2024-03-29 09:04:39,177[0;39m [32m[INFO][0;39m org.springframework.boot.devtools.env.DevToolsPropertyDefaultsPostProcessor restartedMain [32mFor additional web related logging consider setting the 'logging.level.web' property to 'DEBUG'
[0;39m[31m2024-03-29 09:04:40,013[0;39m [32m[INFO][0;39m org.springframework.data.repository.config.RepositoryConfigurationDelegate restartedMain [32mBootstrapping Spring Data JDBC repositories in DEFAULT mode.
[0;39m[31m2024-03-29 09:04:40,029[0;39m [32m[INFO][0;39m org.springframework.data.repository.config.RepositoryConfigurationDelegate restartedMain [32mFinished Spring Data repository scanning in 7 ms. Found 0 JDBC repository interfaces.
[0;39m[31m2024-03-29 09:04:40,298[0;39m [32m[INFO][0;39m org.springframework.context.support.PostProcessorRegistrationDelegate$BeanPostProcessorChecker restartedMain [32mBean 'soapServiceConfiguration' of type [com.example.demo.configs.SoapServiceConfiguration$$EnhancerBySpringCGLIB$$6ca91170] is not eligible for getting processed by all BeanPostProcessors (for example: not eligible for auto-proxying)
[0;39m[31m2024-03-29 09:04:40,298[0;39m [32m[INFO][0;39m org.springframework.context.support.PostProcessorRegistrationDelegate$BeanPostProcessorChecker restartedMain [32mBean 'org.springframework.ws.config.annotation.DelegatingWsConfiguration' of type [org.springframework.ws.config.annotation.DelegatingWsConfiguration$$EnhancerBySpringCGLIB$$a85bd7c7] is not eligible for getting processed by all BeanPostProcessors (for example: not eligible for auto-proxying)
[0;39m[31m2024-03-29 09:04:40,329[0;39m [32m[INFO][0;39m org.springframework.ws.soap.addressing.server.AnnotationActionEndpointMapping restartedMain [32mSupporting [WS-Addressing August 2004, WS-Addressing 1.0]
[0;39m[31m2024-03-29 09:04:40,959[0;39m [32m[INFO][0;39m org.springframework.boot.web.embedded.tomcat.TomcatWebServer restartedMain [32mTomcat initialized with port(s): 8101 (http)
[0;39m[31m2024-03-29 09:04:40,959[0;39m [32m[INFO][0;39m org.apache.catalina.core.StandardService restartedMain [32mStarting service [Tomcat]
[0;39m[31m2024-03-29 09:04:40,959[0;39m [32m[INFO][0;39m org.apache.catalina.core.StandardEngine restartedMain [32mStarting Servlet engine: [Apache Tomcat/9.0.73]
[0;39m[31m2024-03-29 09:04:41,100[0;39m [32m[INFO][0;39m org.apache.catalina.core.ContainerBase.[Tomcat].[localhost].[/] restartedMain [32mInitializing Spring embedded WebApplicationContext
[0;39m[31m2024-03-29 09:04:41,100[0;39m [32m[INFO][0;39m org.springframework.boot.web.servlet.context.ServletWebServerApplicationContext restartedMain [32mRoot WebApplicationContext: initialization completed in 1923 ms
[0;39m[31m2024-03-29 09:04:41,936[0;39m [32m[INFO][0;39m com.zaxxer.hikari.HikariDataSource restartedMain [32mHikariPool-1 - Starting...
[0;39m[31m2024-03-29 09:04:41,936[0;39m [32m[WARN][0;39m com.zaxxer.hikari.util.DriverDataSource restartedMain [32mRegistered driver with driverClassName=oracle.jdbc.driver.OracleDriver was not found, trying direct instantiation.
[0;39m[31m2024-03-29 09:04:42,031[0;39m [32m[INFO][0;39m com.zaxxer.hikari.pool.PoolBase restartedMain [32mHikariPool-1 - Driver does not support get/set network timeout for connections. (oracle.jdbc.driver.T4CConnection.getNetworkTimeout()I)
[0;39m[31m2024-03-29 09:04:42,031[0;39m [32m[INFO][0;39m com.zaxxer.hikari.HikariDataSource restartedMain [32mHikariPool-1 - Start completed.
[0;39m[31m2024-03-29 09:04:42,205[0;39m [32m[WARN][0;39m org.springframework.boot.autoconfigure.security.servlet.UserDetailsServiceAutoConfiguration restartedMain [32m

Using generated security password: faf5c8ed-e28b-4518-a66b-2f412ff4d803

This generated password is for development use only. Your security configuration must be updated before running your application in production.

[0;39m[31m2024-03-29 09:04:42,380[0;39m [32m[INFO][0;39m org.springframework.security.web.DefaultSecurityFilterChain restartedMain [32mWill secure any request with [org.springframework.security.web.session.DisableEncodeUrlFilter@4f800b02, org.springframework.security.web.context.request.async.WebAsyncManagerIntegrationFilter@a0abf9d, org.springframework.security.web.context.SecurityContextPersistenceFilter@5ec9b3f, org.springframework.security.web.header.HeaderWriterFilter@57bd39e2, org.springframework.security.web.csrf.CsrfFilter@67abac1f, org.springframework.security.web.authentication.logout.LogoutFilter@42d64d79, org.springframework.security.web.authentication.UsernamePasswordAuthenticationFilter@4992498d, org.springframework.security.web.authentication.ui.DefaultLoginPageGeneratingFilter@2852e540, org.springframework.security.web.authentication.ui.DefaultLogoutPageGeneratingFilter@357f61f3, org.springframework.security.web.authentication.www.BasicAuthenticationFilter@7710176a, org.springframework.security.web.savedrequest.RequestCacheAwareFilter@7088e532, org.springframework.security.web.servletapi.SecurityContextHolderAwareRequestFilter@2c7def1d, org.springframework.security.web.authentication.AnonymousAuthenticationFilter@1a22e416, org.springframework.security.web.session.SessionManagementFilter@539a6643, org.springframework.security.web.access.ExceptionTranslationFilter@baa3232, org.springframework.security.web.access.intercept.FilterSecurityInterceptor@58adf30]
[0;39m[31m2024-03-29 09:04:42,411[0;39m [32m[INFO][0;39m org.springframework.boot.devtools.autoconfigure.OptionalLiveReloadServer restartedMain [32mLiveReload server is running on port 35729
[0;39m[31m2024-03-29 09:04:42,459[0;39m [32m[INFO][0;39m org.springframework.boot.web.embedded.tomcat.TomcatWebServer restartedMain [32mTomcat started on port(s): 8101 (http) with context path ''
[0;39m[31m2024-03-29 09:04:42,474[0;39m [32m[INFO][0;39m com.example.demo.DemoApplication restartedMain [32mStarted DemoApplication in 4.048 seconds (JVM running for 4.884)
[0;39m[31m2024-03-29 09:04:48,883[0;39m [32m[INFO][0;39m com.example.demo.DemoApplication restartedMain [32mStarting DemoApplication using Java 1.8.0_292 on WPF45CNSL with PID 3452 (C:\Users\xxshetvm\Desktop\DLTE-JavaFullStack-MEDHINISHETTY-2024\DLTE-Spring\Task\1176-JDBCTransactionSOAPWebservice\target\classes started by xxshetvm in C:\Users\xxshetvm\Desktop\DLTE-JavaFullStack-MEDHINISHETTY-2024\DLTE-Spring\Task\1176-JDBCTransactionSOAPWebservice)
[0;39m[31m2024-03-29 09:04:48,883[0;39m [32m[INFO][0;39m com.example.demo.DemoApplication restartedMain [32mNo active profile set, falling back to 1 default profile: "default"
[0;39m[31m2024-03-29 09:04:48,962[0;39m [32m[INFO][0;39m org.springframework.boot.devtools.restart.ChangeableUrls restartedMain [32mThe Class-Path manifest attribute in C:\Users\xxshetvm\.m2\repository\com\oracle\database\security\oraclepki\21.5.0.0\oraclepki-21.5.0.0.jar referenced one or more files that do not exist: file:/C:/Users/xxshetvm/.m2/repository/com/oracle/database/security/oraclepki/21.5.0.0/osdt_core.jar,file:/C:/Users/xxshetvm/.m2/repository/com/oracle/database/security/oraclepki/21.5.0.0/osdt_cert.jar,file:/C:/Users/xxshetvm/.m2/repository/com/oracle/database/security/oraclepki/oracle.osdt/osdt_core.jar,file:/C:/Users/xxshetvm/.m2/repository/com/oracle/database/security/oraclepki/oracle.osdt/osdt_cert.jar
[0;39m[31m2024-03-29 09:04:48,962[0;39m [32m[INFO][0;39m org.springframework.boot.devtools.env.DevToolsPropertyDefaultsPostProcessor restartedMain [32mDevtools property defaults active! Set 'spring.devtools.add-properties' to 'false' to disable
[0;39m[31m2024-03-29 09:04:48,962[0;39m [32m[INFO][0;39m org.springframework.boot.devtools.env.DevToolsPropertyDefaultsPostProcessor restartedMain [32mFor additional web related logging consider setting the 'logging.level.web' property to 'DEBUG'
[0;39m[31m2024-03-29 09:04:49,514[0;39m [32m[INFO][0;39m org.springframework.data.repository.config.RepositoryConfigurationDelegate restartedMain [32mBootstrapping Spring Data JDBC repositories in DEFAULT mode.
[0;39m[31m2024-03-29 09:04:49,531[0;39m [32m[INFO][0;39m org.springframework.data.repository.config.RepositoryConfigurationDelegate restartedMain [32mFinished Spring Data repository scanning in 10 ms. Found 0 JDBC repository interfaces.
[0;39m[31m2024-03-29 09:04:49,688[0;39m [32m[INFO][0;39m org.springframework.context.support.PostProcessorRegistrationDelegate$BeanPostProcessorChecker restartedMain [32mBean 'soapServiceConfiguration' of type [com.example.demo.configs.SoapServiceConfiguration$$EnhancerBySpringCGLIB$$7db10977] is not eligible for getting processed by all BeanPostProcessors (for example: not eligible for auto-proxying)
[0;39m[31m2024-03-29 09:04:49,688[0;39m [32m[INFO][0;39m org.springframework.context.support.PostProcessorRegistrationDelegate$BeanPostProcessorChecker restartedMain [32mBean 'org.springframework.ws.config.annotation.DelegatingWsConfiguration' of type [org.springframework.ws.config.annotation.DelegatingWsConfiguration$$EnhancerBySpringCGLIB$$b963cfce] is not eligible for getting processed by all BeanPostProcessors (for example: not eligible for auto-proxying)
[0;39m[31m2024-03-29 09:04:49,719[0;39m [32m[INFO][0;39m org.springframework.ws.soap.addressing.server.AnnotationActionEndpointMapping restartedMain [32mSupporting [WS-Addressing August 2004, WS-Addressing 1.0]
[0;39m[31m2024-03-29 09:04:49,972[0;39m [32m[INFO][0;39m org.springframework.boot.web.embedded.tomcat.TomcatWebServer restartedMain [32mTomcat initialized with port(s): 8101 (http)
[0;39m[31m2024-03-29 09:04:49,972[0;39m [32m[INFO][0;39m org.apache.catalina.core.StandardService restartedMain [32mStarting service [Tomcat]
[0;39m[31m2024-03-29 09:04:49,972[0;39m [32m[INFO][0;39m org.apache.catalina.core.StandardEngine restartedMain [32mStarting Servlet engine: [Apache Tomcat/9.0.73]
[0;39m[31m2024-03-29 09:04:50,089[0;39m [32m[INFO][0;39m org.apache.catalina.core.ContainerBase.[Tomcat].[localhost].[/] restartedMain [32mInitializing Spring embedded WebApplicationContext
[0;39m[31m2024-03-29 09:04:50,089[0;39m [32m[INFO][0;39m org.springframework.boot.web.servlet.context.ServletWebServerApplicationContext restartedMain [32mRoot WebApplicationContext: initialization completed in 1127 ms
[0;39m[31m2024-03-29 09:04:50,509[0;39m [32m[INFO][0;39m com.zaxxer.hikari.HikariDataSource restartedMain [32mHikariPool-1 - Starting...
[0;39m[31m2024-03-29 09:04:50,509[0;39m [32m[WARN][0;39m com.zaxxer.hikari.util.DriverDataSource restartedMain [32mRegistered driver with driverClassName=oracle.jdbc.driver.OracleDriver was not found, trying direct instantiation.
[0;39m[31m2024-03-29 09:04:50,588[0;39m [32m[INFO][0;39m com.zaxxer.hikari.pool.PoolBase restartedMain [32mHikariPool-1 - Driver does not support get/set network timeout for connections. (oracle.jdbc.driver.T4CConnection.getNetworkTimeout()I)
[0;39m[31m2024-03-29 09:04:50,588[0;39m [32m[INFO][0;39m com.zaxxer.hikari.HikariDataSource restartedMain [32mHikariPool-1 - Start completed.
[0;39m[31m2024-03-29 09:04:50,682[0;39m [32m[INFO][0;39m org.springframework.boot.devtools.autoconfigure.OptionalLiveReloadServer restartedMain [32mLiveReload server is running on port 35729
[0;39m[31m2024-03-29 09:04:50,697[0;39m [32m[INFO][0;39m org.springframework.boot.web.embedded.tomcat.TomcatWebServer restartedMain [32mTomcat started on port(s): 8101 (http) with context path ''
[0;39m[31m2024-03-29 09:04:50,713[0;39m [32m[INFO][0;39m com.example.demo.DemoApplication restartedMain [32mStarted DemoApplication in 2.308 seconds (JVM running for 3.046)
[0;39m[31m2024-03-29 09:06:40,659[0;39m [32m[INFO][0;39m org.apache.catalina.core.ContainerBase.[Tomcat].[localhost].[/] http-nio-8101-exec-3 [32mInitializing Spring MessageDispatcherServlet 'messageDispatcherServlet'
[0;39m[31m2024-03-29 09:06:40,659[0;39m [32m[INFO][0;39m org.springframework.ws.transport.http.MessageDispatcherServlet http-nio-8101-exec-3 [32mInitializing Servlet 'messageDispatcherServlet'
[0;39m[31m2024-03-29 09:06:40,672[0;39m [32m[INFO][0;39m org.springframework.ws.soap.saaj.SaajSoapMessageFactory http-nio-8101-exec-3 [32mCreating SAAJ 1.3 MessageFactory with SOAP 1.1 Protocol
[0;39m[31m2024-03-29 09:06:40,691[0;39m [32m[INFO][0;39m org.springframework.ws.transport.http.MessageDispatcherServlet http-nio-8101-exec-3 [32mCompleted initialization in 32 ms
[0;39m[31m2024-03-29 10:00:24,206[0;39m [32m[INFO][0;39m com.example.demo.DemoApplication restartedMain [32mStarting DemoApplication using Java 1.8.0_292 on WPF45CNSL with PID 16668 (C:\Users\xxshetvm\Desktop\DLTE-JavaFullStack-MEDHINISHETTY-2024\DLTE-Spring\Task\1176-JDBCTransactionSOAPWebservice\target\classes started by xxshetvm in C:\Users\xxshetvm\Desktop\DLTE-JavaFullStack-MEDHINISHETTY-2024\DLTE-Spring\Task\1176-JDBCTransactionSOAPWebservice)
[0;39m[31m2024-03-29 10:00:24,206[0;39m [32m[INFO][0;39m com.example.demo.DemoApplication restartedMain [32mNo active profile set, falling back to 1 default profile: "default"
[0;39m[31m2024-03-29 10:00:24,300[0;39m [32m[INFO][0;39m org.springframework.boot.devtools.restart.ChangeableUrls restartedMain [32mThe Class-Path manifest attribute in C:\Users\xxshetvm\.m2\repository\com\oracle\database\security\oraclepki\21.5.0.0\oraclepki-21.5.0.0.jar referenced one or more files that do not exist: file:/C:/Users/xxshetvm/.m2/repository/com/oracle/database/security/oraclepki/21.5.0.0/osdt_core.jar,file:/C:/Users/xxshetvm/.m2/repository/com/oracle/database/security/oraclepki/21.5.0.0/osdt_cert.jar,file:/C:/Users/xxshetvm/.m2/repository/com/oracle/database/security/oraclepki/oracle.osdt/osdt_core.jar,file:/C:/Users/xxshetvm/.m2/repository/com/oracle/database/security/oraclepki/oracle.osdt/osdt_cert.jar
[0;39m[31m2024-03-29 10:00:24,300[0;39m [32m[INFO][0;39m org.springframework.boot.devtools.env.DevToolsPropertyDefaultsPostProcessor restartedMain [32mDevtools property defaults active! Set 'spring.devtools.add-properties' to 'false' to disable
[0;39m[31m2024-03-29 10:00:24,300[0;39m [32m[INFO][0;39m org.springframework.boot.devtools.env.DevToolsPropertyDefaultsPostProcessor restartedMain [32mFor additional web related logging consider setting the 'logging.level.web' property to 'DEBUG'
[0;39m[31m2024-03-29 10:00:25,281[0;39m [32m[INFO][0;39m org.springframework.data.repository.config.RepositoryConfigurationDelegate restartedMain [32mBootstrapping Spring Data JDBC repositories in DEFAULT mode.
[0;39m[31m2024-03-29 10:00:25,311[0;39m [32m[INFO][0;39m org.springframework.data.repository.config.RepositoryConfigurationDelegate restartedMain [32mFinished Spring Data repository scanning in 10 ms. Found 0 JDBC repository interfaces.
[0;39m[31m2024-03-29 10:00:25,548[0;39m [32m[INFO][0;39m org.springframework.context.support.PostProcessorRegistrationDelegate$BeanPostProcessorChecker restartedMain [32mBean 'soapServiceConfiguration' of type [com.example.demo.configs.SoapServiceConfiguration$$EnhancerBySpringCGLIB$$64365af] is not eligible for getting processed by all BeanPostProcessors (for example: not eligible for auto-proxying)
[0;39m[31m2024-03-29 10:00:25,548[0;39m [32m[INFO][0;39m org.springframework.context.support.PostProcessorRegistrationDelegate$BeanPostProcessorChecker restartedMain [32mBean 'org.springframework.ws.config.annotation.DelegatingWsConfiguration' of type [org.springframework.ws.config.annotation.DelegatingWsConfiguration$$EnhancerBySpringCGLIB$$41f62c06] is not eligible for getting processed by all BeanPostProcessors (for example: not eligible for auto-proxying)
[0;39m[31m2024-03-29 10:00:25,602[0;39m [32m[INFO][0;39m org.springframework.ws.soap.addressing.server.AnnotationActionEndpointMapping restartedMain [32mSupporting [WS-Addressing August 2004, WS-Addressing 1.0]
[0;39m[31m2024-03-29 10:00:25,894[0;39m [32m[INFO][0;39m org.springframework.boot.web.embedded.tomcat.TomcatWebServer restartedMain [32mTomcat initialized with port(s): 8101 (http)
[0;39m[31m2024-03-29 10:00:25,894[0;39m [32m[INFO][0;39m org.apache.catalina.core.StandardService restartedMain [32mStarting service [Tomcat]
[0;39m[31m2024-03-29 10:00:25,894[0;39m [32m[INFO][0;39m org.apache.catalina.core.StandardEngine restartedMain [32mStarting Servlet engine: [Apache Tomcat/9.0.73]
[0;39m[31m2024-03-29 10:00:26,006[0;39m [32m[INFO][0;39m org.apache.catalina.core.ContainerBase.[Tomcat].[localhost].[/] restartedMain [32mInitializing Spring embedded WebApplicationContext
[0;39m[31m2024-03-29 10:00:26,006[0;39m [32m[INFO][0;39m org.springframework.boot.web.servlet.context.ServletWebServerApplicationContext restartedMain [32mRoot WebApplicationContext: initialization completed in 1690 ms
[0;39m[31m2024-03-29 10:00:26,512[0;39m [32m[INFO][0;39m com.zaxxer.hikari.HikariDataSource restartedMain [32mHikariPool-1 - Starting...
[0;39m[31m2024-03-29 10:00:26,516[0;39m [32m[WARN][0;39m com.zaxxer.hikari.util.DriverDataSource restartedMain [32mRegistered driver with driverClassName=oracle.jdbc.driver.OracleDriver was not found, trying direct instantiation.
[0;39m[31m2024-03-29 10:00:26,606[0;39m [32m[INFO][0;39m com.zaxxer.hikari.pool.PoolBase restartedMain [32mHikariPool-1 - Driver does not support get/set network timeout for connections. (oracle.jdbc.driver.T4CConnection.getNetworkTimeout()I)
[0;39m[31m2024-03-29 10:00:26,606[0;39m [32m[INFO][0;39m com.zaxxer.hikari.HikariDataSource restartedMain [32mHikariPool-1 - Start completed.
[0;39m[31m2024-03-29 10:00:26,705[0;39m [32m[INFO][0;39m org.springframework.boot.devtools.autoconfigure.OptionalLiveReloadServer restartedMain [32mLiveReload server is running on port 35729
[0;39m[31m2024-03-29 10:00:26,758[0;39m [32m[INFO][0;39m org.springframework.boot.web.embedded.tomcat.TomcatWebServer restartedMain [32mTomcat started on port(s): 8101 (http) with context path ''
[0;39m[31m2024-03-29 10:00:26,796[0;39m [32m[INFO][0;39m com.example.demo.DemoApplication restartedMain [32mStarted DemoApplication in 3.294 seconds (JVM running for 4.735)
[0;39m[31m2024-03-29 10:00:37,251[0;39m [32m[INFO][0;39m org.apache.catalina.core.ContainerBase.[Tomcat].[localhost].[/] http-nio-8101-exec-1 [32mInitializing Spring MessageDispatcherServlet 'messageDispatcherServlet'
[0;39m[31m2024-03-29 10:00:37,251[0;39m [32m[INFO][0;39m org.springframework.ws.transport.http.MessageDispatcherServlet http-nio-8101-exec-1 [32mInitializing Servlet 'messageDispatcherServlet'
[0;39m[31m2024-03-29 10:00:37,256[0;39m [32m[INFO][0;39m org.springframework.ws.soap.saaj.SaajSoapMessageFactory http-nio-8101-exec-1 [32mCreating SAAJ 1.3 MessageFactory with SOAP 1.1 Protocol
[0;39m[31m2024-03-29 10:00:37,262[0;39m [32m[INFO][0;39m org.springframework.ws.transport.http.MessageDispatcherServlet http-nio-8101-exec-1 [32mCompleted initialization in 11 ms
[0;39m[31m2024-03-29 10:01:06,913[0;39m [32m[INFO][0;39m org.springframework.boot.devtools.autoconfigure.LocalDevToolsAutoConfiguration$RestartingClassPathChangeChangedEventListener File Watcher [32mRestarting due to 25 class path changes (0 additions, 25 deletions, 0 modifications)
[0;39m[31m2024-03-29 10:01:07,156[0;39m [32m[INFO][0;39m org.apache.catalina.core.StandardService Thread-13 [32mStopping service [Tomcat]
[0;39m[31m2024-03-29 10:01:07,171[0;39m [32m[INFO][0;39m org.apache.catalina.core.ContainerBase.[Tomcat].[localhost].[/] Thread-13 [32mDestroying Spring FrameworkServlet 'messageDispatcherServlet'
[0;39m[31m2024-03-29 10:01:07,171[0;39m [32m[INFO][0;39m com.zaxxer.hikari.HikariDataSource Thread-13 [32mHikariPool-1 - Shutdown initiated...
[0;39m[31m2024-03-29 10:01:07,195[0;39m [32m[INFO][0;39m com.zaxxer.hikari.HikariDataSource Thread-13 [32mHikariPool-1 - Shutdown completed.
[0;39m[31m2024-03-29 10:01:07,456[0;39m [32m[INFO][0;39m com.example.demo.DemoApplication restartedMain [32mStarting DemoApplication using Java 1.8.0_292 on WPF45CNSL with PID 16668 (C:\Users\xxshetvm\Desktop\DLTE-JavaFullStack-MEDHINISHETTY-2024\DLTE-Spring\Task\1176-JDBCTransactionSOAPWebservice\target\classes started by xxshetvm in C:\Users\xxshetvm\Desktop\DLTE-JavaFullStack-MEDHINISHETTY-2024\DLTE-Spring\Task\1176-JDBCTransactionSOAPWebservice)
[0;39m[31m2024-03-29 10:01:07,456[0;39m [32m[INFO][0;39m com.example.demo.DemoApplication restartedMain [32mNo active profile set, falling back to 1 default profile: "default"
[0;39m[31m2024-03-29 10:01:07,818[0;39m [32m[INFO][0;39m org.springframework.data.repository.config.RepositoryConfigurationDelegate restartedMain [32mBootstrapping Spring Data JDBC repositories in DEFAULT mode.
[0;39m[31m2024-03-29 10:01:07,818[0;39m [32m[INFO][0;39m org.springframework.data.repository.config.RepositoryConfigurationDelegate restartedMain [32mFinished Spring Data repository scanning in 1 ms. Found 0 JDBC repository interfaces.
[0;39m[31m2024-03-29 10:01:07,882[0;39m [32m[INFO][0;39m org.springframework.context.support.PostProcessorRegistrationDelegate$BeanPostProcessorChecker restartedMain [32mBean 'org.springframework.ws.config.annotation.DelegatingWsConfiguration' of type [org.springframework.ws.config.annotation.DelegatingWsConfiguration$$EnhancerBySpringCGLIB$$41f62c06] is not eligible for getting processed by all BeanPostProcessors (for example: not eligible for auto-proxying)
[0;39m[31m2024-03-29 10:01:07,882[0;39m [32m[INFO][0;39m org.springframework.ws.soap.addressing.server.AnnotationActionEndpointMapping restartedMain [32mSupporting [WS-Addressing August 2004, WS-Addressing 1.0]
[0;39m[31m2024-03-29 10:01:07,976[0;39m [32m[INFO][0;39m org.springframework.boot.web.embedded.tomcat.TomcatWebServer restartedMain [32mTomcat initialized with port(s): 8101 (http)
[0;39m[31m2024-03-29 10:01:07,976[0;39m [32m[INFO][0;39m org.apache.catalina.core.StandardService restartedMain [32mStarting service [Tomcat]
[0;39m[31m2024-03-29 10:01:07,976[0;39m [32m[INFO][0;39m org.apache.catalina.core.StandardEngine restartedMain [32mStarting Servlet engine: [Apache Tomcat/9.0.73]
[0;39m[31m2024-03-29 10:01:08,007[0;39m [32m[INFO][0;39m org.apache.catalina.core.ContainerBase.[Tomcat].[localhost].[/] restartedMain [32mInitializing Spring embedded WebApplicationContext
[0;39m[31m2024-03-29 10:01:08,007[0;39m [32m[INFO][0;39m org.springframework.boot.web.servlet.context.ServletWebServerApplicationContext restartedMain [32mRoot WebApplicationContext: initialization completed in 551 ms
[0;39m[31m2024-03-29 10:01:08,169[0;39m [32m[INFO][0;39m com.zaxxer.hikari.HikariDataSource restartedMain [32mHikariPool-2 - Starting...
[0;39m[31m2024-03-29 10:01:08,169[0;39m [32m[WARN][0;39m com.zaxxer.hikari.util.DriverDataSource restartedMain [32mRegistered driver with driverClassName=oracle.jdbc.driver.OracleDriver was not found, trying direct instantiation.
[0;39m[31m2024-03-29 10:01:08,196[0;39m [32m[INFO][0;39m com.zaxxer.hikari.pool.PoolBase restartedMain [32mHikariPool-2 - Driver does not support get/set network timeout for connections. (oracle.jdbc.driver.T4CConnection.getNetworkTimeout()I)
[0;39m[31m2024-03-29 10:01:08,196[0;39m [32m[INFO][0;39m com.zaxxer.hikari.HikariDataSource restartedMain [32mHikariPool-2 - Start completed.
[0;39m[31m2024-03-29 10:01:08,228[0;39m [32m[INFO][0;39m org.springframework.boot.devtools.autoconfigure.OptionalLiveReloadServer restartedMain [32mLiveReload server is running on port 35729
[0;39m[31m2024-03-29 10:01:08,260[0;39m [32m[INFO][0;39m org.springframework.boot.web.embedded.tomcat.TomcatWebServer restartedMain [32mTomcat started on port(s): 8101 (http) with context path ''
[0;39m[31m2024-03-29 10:01:08,260[0;39m [32m[INFO][0;39m com.example.demo.DemoApplication restartedMain [32mStarted DemoApplication in 0.87 seconds (JVM running for 46.207)
[0;39m[31m2024-03-29 10:01:08,275[0;39m [32m[INFO][0;39m org.springframework.boot.devtools.autoconfigure.ConditionEvaluationDeltaLoggingListener restartedMain [32mCondition evaluation delta:


==========================
CONDITION EVALUATION DELTA
==========================


Positive matches:
-----------------

   WebServicesAutoConfiguration matched:
      - @ConditionalOnClass found required class 'org.springframework.ws.transport.http.MessageDispatcherServlet' (OnClassCondition)
      - found 'session' scope (OnWebApplicationCondition)
      - @ConditionalOnMissingBean (types: org.springframework.ws.config.annotation.WsConfigurationSupport; SearchStrategy: all) did not find any beans (OnBeanCondition)


Negative matches:
-----------------

   WebServicesAutoConfiguration#wsdlDefinitionBeanFactoryPostProcessor:
      Did not match:
         - WSDL locations did not find property spring.webservices.wsdl-locations (OnWsdlLocationsCondition)


Exclusions:
-----------

    None


Unconditional classes:
----------------------

    None



[0;39m[31m2024-03-29 10:01:10,471[0;39m [32m[INFO][0;39m org.springframework.boot.devtools.autoconfigure.LocalDevToolsAutoConfiguration$RestartingClassPathChangeChangedEventListener File Watcher [32mRestarting due to 25 class path changes (25 additions, 0 deletions, 0 modifications)
[0;39m[31m2024-03-29 10:01:10,658[0;39m [32m[INFO][0;39m org.apache.catalina.core.StandardService Thread-20 [32mStopping service [Tomcat]
[0;39m[31m2024-03-29 10:01:10,674[0;39m [32m[INFO][0;39m com.zaxxer.hikari.HikariDataSource Thread-20 [32mHikariPool-2 - Shutdown initiated...
[0;39m[31m2024-03-29 10:01:10,699[0;39m [32m[INFO][0;39m com.zaxxer.hikari.HikariDataSource Thread-20 [32mHikariPool-2 - Shutdown completed.
[0;39m[31m2024-03-29 10:01:10,947[0;39m [32m[INFO][0;39m com.example.demo.DemoApplication restartedMain [32mStarting DemoApplication using Java 1.8.0_292 on WPF45CNSL with PID 16668 (C:\Users\xxshetvm\Desktop\DLTE-JavaFullStack-MEDHINISHETTY-2024\DLTE-Spring\Task\1176-JDBCTransactionSOAPWebservice\target\classes started by xxshetvm in C:\Users\xxshetvm\Desktop\DLTE-JavaFullStack-MEDHINISHETTY-2024\DLTE-Spring\Task\1176-JDBCTransactionSOAPWebservice)
[0;39m[31m2024-03-29 10:01:10,947[0;39m [32m[INFO][0;39m com.example.demo.DemoApplication restartedMain [32mNo active profile set, falling back to 1 default profile: "default"
[0;39m[31m2024-03-29 10:01:11,163[0;39m [32m[INFO][0;39m org.springframework.data.repository.config.RepositoryConfigurationDelegate restartedMain [32mBootstrapping Spring Data JDBC repositories in DEFAULT mode.
[0;39m[31m2024-03-29 10:01:11,179[0;39m [32m[INFO][0;39m org.springframework.data.repository.config.RepositoryConfigurationDelegate restartedMain [32mFinished Spring Data repository scanning in 3 ms. Found 0 JDBC repository interfaces.
[0;39m[31m2024-03-29 10:01:11,212[0;39m [32m[INFO][0;39m org.springframework.context.support.PostProcessorRegistrationDelegate$BeanPostProcessorChecker restartedMain [32mBean 'soapServiceConfiguration' of type [com.example.demo.configs.SoapServiceConfiguration$$EnhancerBySpringCGLIB$$64365af] is not eligible for getting processed by all BeanPostProcessors (for example: not eligible for auto-proxying)
[0;39m[31m2024-03-29 10:01:11,212[0;39m [32m[INFO][0;39m org.springframework.context.support.PostProcessorRegistrationDelegate$BeanPostProcessorChecker restartedMain [32mBean 'org.springframework.ws.config.annotation.DelegatingWsConfiguration' of type [org.springframework.ws.config.annotation.DelegatingWsConfiguration$$EnhancerBySpringCGLIB$$41f62c06] is not eligible for getting processed by all BeanPostProcessors (for example: not eligible for auto-proxying)
[0;39m[31m2024-03-29 10:01:11,212[0;39m [32m[INFO][0;39m org.springframework.ws.soap.addressing.server.AnnotationActionEndpointMapping restartedMain [32mSupporting [WS-Addressing August 2004, WS-Addressing 1.0]
[0;39m[31m2024-03-29 10:01:11,259[0;39m [32m[INFO][0;39m org.springframework.boot.web.embedded.tomcat.TomcatWebServer restartedMain [32mTomcat initialized with port(s): 8101 (http)
[0;39m[31m2024-03-29 10:01:11,275[0;39m [32m[INFO][0;39m org.apache.catalina.core.StandardService restartedMain [32mStarting service [Tomcat]
[0;39m[31m2024-03-29 10:01:11,275[0;39m [32m[INFO][0;39m org.apache.catalina.core.StandardEngine restartedMain [32mStarting Servlet engine: [Apache Tomcat/9.0.73]
[0;39m[31m2024-03-29 10:01:11,291[0;39m [32m[INFO][0;39m org.apache.catalina.core.ContainerBase.[Tomcat].[localhost].[/] restartedMain [32mInitializing Spring embedded WebApplicationContext
[0;39m[31m2024-03-29 10:01:11,291[0;39m [32m[INFO][0;39m org.springframework.boot.web.servlet.context.ServletWebServerApplicationContext restartedMain [32mRoot WebApplicationContext: initialization completed in 334 ms
[0;39m[31m2024-03-29 10:01:11,514[0;39m [32m[INFO][0;39m com.zaxxer.hikari.HikariDataSource restartedMain [32mHikariPool-3 - Starting...
[0;39m[31m2024-03-29 10:01:11,514[0;39m [32m[WARN][0;39m com.zaxxer.hikari.util.DriverDataSource restartedMain [32mRegistered driver with driverClassName=oracle.jdbc.driver.OracleDriver was not found, trying direct instantiation.
[0;39m[31m2024-03-29 10:01:11,544[0;39m [32m[INFO][0;39m com.zaxxer.hikari.pool.PoolBase restartedMain [32mHikariPool-3 - Driver does not support get/set network timeout for connections. (oracle.jdbc.driver.T4CConnection.getNetworkTimeout()I)
[0;39m[31m2024-03-29 10:01:11,544[0;39m [32m[INFO][0;39m com.zaxxer.hikari.HikariDataSource restartedMain [32mHikariPool-3 - Start completed.
[0;39m[31m2024-03-29 10:01:11,561[0;39m [32m[INFO][0;39m org.springframework.boot.devtools.autoconfigure.OptionalLiveReloadServer restartedMain [32mLiveReload server is running on port 35729
[0;39m[31m2024-03-29 10:01:11,576[0;39m [32m[INFO][0;39m org.springframework.boot.web.embedded.tomcat.TomcatWebServer restartedMain [32mTomcat started on port(s): 8101 (http) with context path ''
[0;39m[31m2024-03-29 10:01:11,576[0;39m [32m[INFO][0;39m com.example.demo.DemoApplication restartedMain [32mStarted DemoApplication in 0.673 seconds (JVM running for 49.521)
[0;39m[31m2024-03-29 10:01:11,576[0;39m [32m[INFO][0;39m org.springframework.boot.devtools.autoconfigure.ConditionEvaluationDeltaLoggingListener restartedMain [32mCondition evaluation delta:


==========================
CONDITION EVALUATION DELTA
==========================


Positive matches:
-----------------

    None


Negative matches:
-----------------

   WebServicesAutoConfiguration:
      Did not match:
         - @ConditionalOnMissingBean (types: org.springframework.ws.config.annotation.WsConfigurationSupport; SearchStrategy: all) found beans of type 'org.springframework.ws.config.annotation.WsConfigurationSupport' org.springframework.ws.config.annotation.DelegatingWsConfiguration (OnBeanCondition)
      Matched:
         - @ConditionalOnClass found required class 'org.springframework.ws.transport.http.MessageDispatcherServlet' (OnClassCondition)
         - found 'session' scope (OnWebApplicationCondition)


Exclusions:
-----------

    None


Unconditional classes:
----------------------

    None



[0;39m[31m2024-03-29 10:01:20,984[0;39m [32m[INFO][0;39m org.apache.catalina.core.ContainerBase.[Tomcat].[localhost].[/] http-nio-8101-exec-1 [32mInitializing Spring MessageDispatcherServlet 'messageDispatcherServlet'
[0;39m[31m2024-03-29 10:01:20,987[0;39m [32m[INFO][0;39m org.springframework.ws.transport.http.MessageDispatcherServlet http-nio-8101-exec-1 [32mInitializing Servlet 'messageDispatcherServlet'
[0;39m[31m2024-03-29 10:01:20,987[0;39m [32m[INFO][0;39m org.springframework.ws.soap.saaj.SaajSoapMessageFactory http-nio-8101-exec-1 [32mCreating SAAJ 1.3 MessageFactory with SOAP 1.1 Protocol
[0;39m[31m2024-03-29 10:01:20,993[0;39m [32m[INFO][0;39m org.springframework.ws.transport.http.MessageDispatcherServlet http-nio-8101-exec-1 [32mCompleted initialization in 6 ms
[0;39m[31m2024-03-29 10:02:43,025[0;39m [32m[INFO][0;39m com.example.demo.DemoApplication restartedMain [32mStarting DemoApplication using Java 1.8.0_292 on WPF45CNSL with PID 14464 (C:\Users\xxshetvm\Desktop\DLTE-JavaFullStack-MEDHINISHETTY-2024\DLTE-Spring\Task\1176-JDBCTransactionSOAPWebservice\target\classes started by xxshetvm in C:\Users\xxshetvm\Desktop\DLTE-JavaFullStack-MEDHINISHETTY-2024\DLTE-Spring\Task\1176-JDBCTransactionSOAPWebservice)
[0;39m[31m2024-03-29 10:02:43,026[0;39m [32m[INFO][0;39m com.example.demo.DemoApplication restartedMain [32mNo active profile set, falling back to 1 default profile: "default"
[0;39m[31m2024-03-29 10:02:43,097[0;39m [32m[INFO][0;39m org.springframework.boot.devtools.restart.ChangeableUrls restartedMain [32mThe Class-Path manifest attribute in C:\Users\xxshetvm\.m2\repository\com\oracle\database\security\oraclepki\21.5.0.0\oraclepki-21.5.0.0.jar referenced one or more files that do not exist: file:/C:/Users/xxshetvm/.m2/repository/com/oracle/database/security/oraclepki/21.5.0.0/osdt_core.jar,file:/C:/Users/xxshetvm/.m2/repository/com/oracle/database/security/oraclepki/21.5.0.0/osdt_cert.jar,file:/C:/Users/xxshetvm/.m2/repository/com/oracle/database/security/oraclepki/oracle.osdt/osdt_core.jar,file:/C:/Users/xxshetvm/.m2/repository/com/oracle/database/security/oraclepki/oracle.osdt/osdt_cert.jar
[0;39m[31m2024-03-29 10:02:43,098[0;39m [32m[INFO][0;39m org.springframework.boot.devtools.env.DevToolsPropertyDefaultsPostProcessor restartedMain [32mDevtools property defaults active! Set 'spring.devtools.add-properties' to 'false' to disable
[0;39m[31m2024-03-29 10:02:43,098[0;39m [32m[INFO][0;39m org.springframework.boot.devtools.env.DevToolsPropertyDefaultsPostProcessor restartedMain [32mFor additional web related logging consider setting the 'logging.level.web' property to 'DEBUG'
[0;39m[31m2024-03-29 10:02:43,670[0;39m [32m[INFO][0;39m org.springframework.data.repository.config.RepositoryConfigurationDelegate restartedMain [32mBootstrapping Spring Data JDBC repositories in DEFAULT mode.
[0;39m[31m2024-03-29 10:02:43,686[0;39m [32m[INFO][0;39m org.springframework.data.repository.config.RepositoryConfigurationDelegate restartedMain [32mFinished Spring Data repository scanning in 7 ms. Found 0 JDBC repository interfaces.
[0;39m[31m2024-03-29 10:02:43,859[0;39m [32m[INFO][0;39m org.springframework.context.support.PostProcessorRegistrationDelegate$BeanPostProcessorChecker restartedMain [32mBean 'soapServiceConfiguration' of type [com.example.demo.configs.SoapServiceConfiguration$$EnhancerBySpringCGLIB$$d1795c34] is not eligible for getting processed by all BeanPostProcessors (for example: not eligible for auto-proxying)
[0;39m[31m2024-03-29 10:02:43,859[0;39m [32m[INFO][0;39m org.springframework.context.support.PostProcessorRegistrationDelegate$BeanPostProcessorChecker restartedMain [32mBean 'org.springframework.ws.config.annotation.DelegatingWsConfiguration' of type [org.springframework.ws.config.annotation.DelegatingWsConfiguration$$EnhancerBySpringCGLIB$$d2c228b] is not eligible for getting processed by all BeanPostProcessors (for example: not eligible for auto-proxying)
[0;39m[31m2024-03-29 10:02:43,893[0;39m [32m[INFO][0;39m org.springframework.ws.soap.addressing.server.AnnotationActionEndpointMapping restartedMain [32mSupporting [WS-Addressing August 2004, WS-Addressing 1.0]
[0;39m[31m2024-03-29 10:02:44,159[0;39m [32m[INFO][0;39m org.springframework.boot.web.embedded.tomcat.TomcatWebServer restartedMain [32mTomcat initialized with port(s): 8101 (http)
[0;39m[31m2024-03-29 10:02:44,159[0;39m [32m[INFO][0;39m org.apache.catalina.core.StandardService restartedMain [32mStarting service [Tomcat]
[0;39m[31m2024-03-29 10:02:44,159[0;39m [32m[INFO][0;39m org.apache.catalina.core.StandardEngine restartedMain [32mStarting Servlet engine: [Apache Tomcat/9.0.73]
[0;39m[31m2024-03-29 10:02:44,257[0;39m [32m[INFO][0;39m org.apache.catalina.core.ContainerBase.[Tomcat].[localhost].[/] restartedMain [32mInitializing Spring embedded WebApplicationContext
[0;39m[31m2024-03-29 10:02:44,257[0;39m [32m[INFO][0;39m org.springframework.boot.web.servlet.context.ServletWebServerApplicationContext restartedMain [32mRoot WebApplicationContext: initialization completed in 1159 ms
[0;39m[31m2024-03-29 10:02:44,762[0;39m [32m[INFO][0;39m com.zaxxer.hikari.HikariDataSource restartedMain [32mHikariPool-1 - Starting...
[0;39m[31m2024-03-29 10:02:44,762[0;39m [32m[WARN][0;39m com.zaxxer.hikari.util.DriverDataSource restartedMain [32mRegistered driver with driverClassName=oracle.jdbc.driver.OracleDriver was not found, trying direct instantiation.
[0;39m[31m2024-03-29 10:02:44,856[0;39m [32m[INFO][0;39m com.zaxxer.hikari.pool.PoolBase restartedMain [32mHikariPool-1 - Driver does not support get/set network timeout for connections. (oracle.jdbc.driver.T4CConnection.getNetworkTimeout()I)
[0;39m[31m2024-03-29 10:02:44,856[0;39m [32m[INFO][0;39m com.zaxxer.hikari.HikariDataSource restartedMain [32mHikariPool-1 - Start completed.
[0;39m[31m2024-03-29 10:02:44,967[0;39m [32m[INFO][0;39m org.springframework.boot.devtools.autoconfigure.OptionalLiveReloadServer restartedMain [32mLiveReload server is running on port 35729
[0;39m[31m2024-03-29 10:02:45,015[0;39m [32m[INFO][0;39m org.springframework.boot.web.embedded.tomcat.TomcatWebServer restartedMain [32mTomcat started on port(s): 8101 (http) with context path ''
[0;39m[31m2024-03-29 10:02:45,037[0;39m [32m[INFO][0;39m com.example.demo.DemoApplication restartedMain [32mStarted DemoApplication in 2.45 seconds (JVM running for 3.23)
[0;39m[31m2024-03-29 10:02:56,545[0;39m [32m[INFO][0;39m org.apache.catalina.core.ContainerBase.[Tomcat].[localhost].[/] http-nio-8101-exec-1 [32mInitializing Spring MessageDispatcherServlet 'messageDispatcherServlet'
[0;39m[31m2024-03-29 10:02:56,545[0;39m [32m[INFO][0;39m org.springframework.ws.transport.http.MessageDispatcherServlet http-nio-8101-exec-1 [32mInitializing Servlet 'messageDispatcherServlet'
[0;39m[31m2024-03-29 10:02:56,545[0;39m [32m[INFO][0;39m org.springframework.ws.soap.saaj.SaajSoapMessageFactory http-nio-8101-exec-1 [32mCreating SAAJ 1.3 MessageFactory with SOAP 1.1 Protocol
[0;39m[31m2024-03-29 10:02:56,561[0;39m [32m[INFO][0;39m org.springframework.ws.transport.http.MessageDispatcherServlet http-nio-8101-exec-1 [32mCompleted initialization in 16 ms
[0;39m[31m2024-03-29 10:05:30,532[0;39m [32m[INFO][0;39m com.example.demo.DemoApplication restartedMain [32mStarting DemoApplication using Java 1.8.0_292 on WPF45CNSL with PID 22112 (C:\Users\xxshetvm\Desktop\DLTE-JavaFullStack-MEDHINISHETTY-2024\DLTE-Spring\Task\1176-JDBCTransactionSOAPWebservice\target\classes started by xxshetvm in C:\Users\xxshetvm\Desktop\DLTE-JavaFullStack-MEDHINISHETTY-2024\DLTE-Spring\Task\1176-JDBCTransactionSOAPWebservice)
[0;39m[31m2024-03-29 10:05:30,532[0;39m [32m[INFO][0;39m com.example.demo.DemoApplication restartedMain [32mNo active profile set, falling back to 1 default profile: "default"
[0;39m[31m2024-03-29 10:05:30,603[0;39m [32m[INFO][0;39m org.springframework.boot.devtools.restart.ChangeableUrls restartedMain [32mThe Class-Path manifest attribute in C:\Users\xxshetvm\.m2\repository\com\oracle\database\security\oraclepki\21.5.0.0\oraclepki-21.5.0.0.jar referenced one or more files that do not exist: file:/C:/Users/xxshetvm/.m2/repository/com/oracle/database/security/oraclepki/21.5.0.0/osdt_core.jar,file:/C:/Users/xxshetvm/.m2/repository/com/oracle/database/security/oraclepki/21.5.0.0/osdt_cert.jar,file:/C:/Users/xxshetvm/.m2/repository/com/oracle/database/security/oraclepki/oracle.osdt/osdt_core.jar,file:/C:/Users/xxshetvm/.m2/repository/com/oracle/database/security/oraclepki/oracle.osdt/osdt_cert.jar
[0;39m[31m2024-03-29 10:05:30,603[0;39m [32m[INFO][0;39m org.springframework.boot.devtools.env.DevToolsPropertyDefaultsPostProcessor restartedMain [32mDevtools property defaults active! Set 'spring.devtools.add-properties' to 'false' to disable
[0;39m[31m2024-03-29 10:05:30,603[0;39m [32m[INFO][0;39m org.springframework.boot.devtools.env.DevToolsPropertyDefaultsPostProcessor restartedMain [32mFor additional web related logging consider setting the 'logging.level.web' property to 'DEBUG'
[0;39m[31m2024-03-29 10:05:31,128[0;39m [32m[INFO][0;39m org.springframework.data.repository.config.RepositoryConfigurationDelegate restartedMain [32mBootstrapping Spring Data JDBC repositories in DEFAULT mode.
[0;39m[31m2024-03-29 10:05:31,143[0;39m [32m[INFO][0;39m org.springframework.data.repository.config.RepositoryConfigurationDelegate restartedMain [32mFinished Spring Data repository scanning in 5 ms. Found 0 JDBC repository interfaces.
[0;39m[31m2024-03-29 10:05:31,270[0;39m [32m[INFO][0;39m org.springframework.context.support.PostProcessorRegistrationDelegate$BeanPostProcessorChecker restartedMain [32mBean 'soapServiceConfiguration' of type [com.example.demo.configs.SoapServiceConfiguration$$EnhancerBySpringCGLIB$$471f70c9] is not eligible for getting processed by all BeanPostProcessors (for example: not eligible for auto-proxying)
[0;39m[31m2024-03-29 10:05:31,270[0;39m [32m[INFO][0;39m org.springframework.context.support.PostProcessorRegistrationDelegate$BeanPostProcessorChecker restartedMain [32mBean 'org.springframework.ws.config.annotation.DelegatingWsConfiguration' of type [org.springframework.ws.config.annotation.DelegatingWsConfiguration$$EnhancerBySpringCGLIB$$82d23720] is not eligible for getting processed by all BeanPostProcessors (for example: not eligible for auto-proxying)
[0;39m[31m2024-03-29 10:05:31,302[0;39m [32m[INFO][0;39m org.springframework.ws.soap.addressing.server.AnnotationActionEndpointMapping restartedMain [32mSupporting [WS-Addressing August 2004, WS-Addressing 1.0]
[0;39m[31m2024-03-29 10:05:31,510[0;39m [32m[INFO][0;39m org.springframework.boot.web.embedded.tomcat.TomcatWebServer restartedMain [32mTomcat initialized with port(s): 8000 (http)
[0;39m[31m2024-03-29 10:05:31,526[0;39m [32m[INFO][0;39m org.apache.catalina.core.StandardService restartedMain [32mStarting service [Tomcat]
[0;39m[31m2024-03-29 10:05:31,526[0;39m [32m[INFO][0;39m org.apache.catalina.core.StandardEngine restartedMain [32mStarting Servlet engine: [Apache Tomcat/9.0.73]
[0;39m[31m2024-03-29 10:05:31,604[0;39m [32m[INFO][0;39m org.apache.catalina.core.ContainerBase.[Tomcat].[localhost].[/] restartedMain [32mInitializing Spring embedded WebApplicationContext
[0;39m[31m2024-03-29 10:05:31,604[0;39m [32m[INFO][0;39m org.springframework.boot.web.servlet.context.ServletWebServerApplicationContext restartedMain [32mRoot WebApplicationContext: initialization completed in 1001 ms
[0;39m[31m2024-03-29 10:05:31,970[0;39m [32m[INFO][0;39m com.zaxxer.hikari.HikariDataSource restartedMain [32mHikariPool-1 - Starting...
[0;39m[31m2024-03-29 10:05:31,980[0;39m [32m[WARN][0;39m com.zaxxer.hikari.util.DriverDataSource restartedMain [32mRegistered driver with driverClassName=oracle.jdbc.driver.OracleDriver was not found, trying direct instantiation.
[0;39m[31m2024-03-29 10:05:32,047[0;39m [32m[INFO][0;39m com.zaxxer.hikari.pool.PoolBase restartedMain [32mHikariPool-1 - Driver does not support get/set network timeout for connections. (oracle.jdbc.driver.T4CConnection.getNetworkTimeout()I)
[0;39m[31m2024-03-29 10:05:32,047[0;39m [32m[INFO][0;39m com.zaxxer.hikari.HikariDataSource restartedMain [32mHikariPool-1 - Start completed.
[0;39m[31m2024-03-29 10:05:32,138[0;39m [32m[INFO][0;39m org.springframework.boot.devtools.autoconfigure.OptionalLiveReloadServer restartedMain [32mLiveReload server is running on port 35729
[0;39m[31m2024-03-29 10:05:32,165[0;39m [32m[INFO][0;39m org.springframework.boot.web.embedded.tomcat.TomcatWebServer restartedMain [32mTomcat started on port(s): 8000 (http) with context path ''
[0;39m[31m2024-03-29 10:05:32,173[0;39m [32m[INFO][0;39m com.example.demo.DemoApplication restartedMain [32mStarted DemoApplication in 2.103 seconds (JVM running for 2.873)
[0;39m[31m2024-03-29 10:05:44,492[0;39m [32m[INFO][0;39m org.apache.catalina.core.ContainerBase.[Tomcat].[localhost].[/] http-nio-8000-exec-1 [32mInitializing Spring MessageDispatcherServlet 'messageDispatcherServlet'
[0;39m[31m2024-03-29 10:05:44,492[0;39m [32m[INFO][0;39m org.springframework.ws.transport.http.MessageDispatcherServlet http-nio-8000-exec-1 [32mInitializing Servlet 'messageDispatcherServlet'
[0;39m[31m2024-03-29 10:05:44,495[0;39m [32m[INFO][0;39m org.springframework.ws.soap.saaj.SaajSoapMessageFactory http-nio-8000-exec-1 [32mCreating SAAJ 1.3 MessageFactory with SOAP 1.1 Protocol
[0;39m[31m2024-03-29 10:05:44,507[0;39m [32m[INFO][0;39m org.springframework.ws.transport.http.MessageDispatcherServlet http-nio-8000-exec-1 [32mCompleted initialization in 12 ms
[0;39m