[33m2024-04-11 09:42:12,377[0;39m [31m[INFO][0;39m console.technical.spring.SpringConsoleApplication restartedMain [34mStarting SpringConsoleApplication using Java 1.8.0_292 on WPF45DYSS with PID 27748 (C:\DLTE-Java-Full-Stack-PrashanthD-2024\DLTE-Technical-Final\Spring-Console\target\classes started by xxdddddp in C:\DLTE-Java-Full-Stack-PrashanthD-2024\DLTE-Technical-Final\Spring-Console)
[0;39m[33m2024-04-11 09:42:12,382[0;39m [31m[INFO][0;39m console.technical.spring.SpringConsoleApplication restartedMain [34mNo active profile set, falling back to 1 default profile: "default"
[0;39m[33m2024-04-11 09:42:12,435[0;39m [31m[INFO][0;39m org.springframework.boot.devtools.restart.ChangeableUrls restartedMain [34mThe Class-Path manifest attribute in C:\Users\xxdddddp\.m2\repository\com\oracle\database\security\oraclepki\21.5.0.0\oraclepki-21.5.0.0.jar referenced one or more files that do not exist: file:/C:/Users/xxdddddp/.m2/repository/com/oracle/database/security/oraclepki/21.5.0.0/osdt_core.jar,file:/C:/Users/xxdddddp/.m2/repository/com/oracle/database/security/oraclepki/21.5.0.0/osdt_cert.jar,file:/C:/Users/xxdddddp/.m2/repository/com/oracle/database/security/oraclepki/oracle.osdt/osdt_core.jar,file:/C:/Users/xxdddddp/.m2/repository/com/oracle/database/security/oraclepki/oracle.osdt/osdt_cert.jar
[0;39m[33m2024-04-11 09:42:12,435[0;39m [31m[INFO][0;39m org.springframework.boot.devtools.env.DevToolsPropertyDefaultsPostProcessor restartedMain [34mDevtools property defaults active! Set 'spring.devtools.add-properties' to 'false' to disable
[0;39m[33m2024-04-11 09:42:12,435[0;39m [31m[INFO][0;39m org.springframework.boot.devtools.env.DevToolsPropertyDefaultsPostProcessor restartedMain [34mFor additional web related logging consider setting the 'logging.level.web' property to 'DEBUG'
[0;39m[33m2024-04-11 09:42:13,143[0;39m [31m[INFO][0;39m org.springframework.data.repository.config.RepositoryConfigurationDelegate restartedMain [34mBootstrapping Spring Data JDBC repositories in DEFAULT mode.
[0;39m[33m2024-04-11 09:42:13,159[0;39m [31m[INFO][0;39m org.springframework.data.repository.config.RepositoryConfigurationDelegate restartedMain [34mFinished Spring Data repository scanning in 9 ms. Found 0 JDBC repository interfaces.
[0;39m[33m2024-04-11 09:42:13,442[0;39m [31m[INFO][0;39m org.springframework.context.support.PostProcessorRegistrationDelegate$BeanPostProcessorChecker restartedMain [34mBean 'org.springframework.ws.config.annotation.DelegatingWsConfiguration' of type [org.springframework.ws.config.annotation.DelegatingWsConfiguration$$EnhancerBySpringCGLIB$$62944735] is not eligible for getting processed by all BeanPostProcessors (for example: not eligible for auto-proxying)
[0;39m[33m2024-04-11 09:42:13,521[0;39m [31m[INFO][0;39m org.springframework.ws.soap.addressing.server.AnnotationActionEndpointMapping restartedMain [34mSupporting [WS-Addressing August 2004, WS-Addressing 1.0]
[0;39m[33m2024-04-11 09:42:13,851[0;39m [31m[INFO][0;39m org.springframework.boot.web.embedded.tomcat.TomcatWebServer restartedMain [34mTomcat initialized with port(s): 8084 (http)
[0;39m[33m2024-04-11 09:42:13,867[0;39m [31m[INFO][0;39m org.apache.catalina.core.StandardService restartedMain [34mStarting service [Tomcat]
[0;39m[33m2024-04-11 09:42:13,867[0;39m [31m[INFO][0;39m org.apache.catalina.core.StandardEngine restartedMain [34mStarting Servlet engine: [Apache Tomcat/9.0.73]
[0;39m[33m2024-04-11 09:42:14,009[0;39m [31m[INFO][0;39m org.apache.catalina.core.ContainerBase.[Tomcat].[localhost].[/] restartedMain [34mInitializing Spring embedded WebApplicationContext
[0;39m[33m2024-04-11 09:42:14,009[0;39m [31m[INFO][0;39m org.springframework.boot.web.servlet.context.ServletWebServerApplicationContext restartedMain [34mRoot WebApplicationContext: initialization completed in 1574 ms
[0;39m[33m2024-04-11 09:42:14,561[0;39m [31m[INFO][0;39m com.zaxxer.hikari.HikariDataSource restartedMain [34mHikariPool-1 - Starting...
[0;39m[33m2024-04-11 09:42:14,561[0;39m [31m[WARN][0;39m com.zaxxer.hikari.util.DriverDataSource restartedMain [34mRegistered driver with driverClassName=oracle.jdbc.driver.OracleDriver was not found, trying direct instantiation.
[0;39m[33m2024-04-11 09:42:14,687[0;39m [31m[INFO][0;39m com.zaxxer.hikari.pool.PoolBase restartedMain [34mHikariPool-1 - Driver does not support get/set network timeout for connections. (oracle.jdbc.driver.T4CConnection.getNetworkTimeout()I)
[0;39m[33m2024-04-11 09:42:14,687[0;39m [31m[INFO][0;39m com.zaxxer.hikari.HikariDataSource restartedMain [34mHikariPool-1 - Start completed.
[0;39m[33m2024-04-11 09:42:14,924[0;39m [31m[INFO][0;39m org.springframework.boot.devtools.autoconfigure.OptionalLiveReloadServer restartedMain [34mLiveReload server is running on port 35729
[0;39m[33m2024-04-11 09:42:14,971[0;39m [31m[INFO][0;39m org.springframework.boot.web.embedded.tomcat.TomcatWebServer restartedMain [34mTomcat started on port(s): 8084 (http) with context path ''
[0;39m[33m2024-04-11 09:42:14,983[0;39m [31m[INFO][0;39m console.technical.spring.SpringConsoleApplication restartedMain [34mStarted SpringConsoleApplication in 3.159 seconds (JVM running for 4.335)
[0;39m[33m2024-04-11 18:15:42,370[0;39m [31m[INFO][0;39m console.technical.spring.SpringConsoleApplication restartedMain [34mStarting SpringConsoleApplication using Java 1.8.0_292 on WPF45DYSS with PID 10972 (C:\DLTE-Java-Full-Stack-PrashanthD-2024\DLTE-Technical-Final\Spring-Console\target\classes started by xxdddddp in C:\DLTE-Java-Full-Stack-PrashanthD-2024\DLTE-Technical-Final\Spring-Console)
[0;39m[33m2024-04-11 18:15:42,376[0;39m [31m[INFO][0;39m console.technical.spring.SpringConsoleApplication restartedMain [34mNo active profile set, falling back to 1 default profile: "default"
[0;39m[33m2024-04-11 18:15:42,433[0;39m [31m[INFO][0;39m org.springframework.boot.devtools.restart.ChangeableUrls restartedMain [34mThe Class-Path manifest attribute in C:\Users\xxdddddp\.m2\repository\com\oracle\database\security\oraclepki\21.5.0.0\oraclepki-21.5.0.0.jar referenced one or more files that do not exist: file:/C:/Users/xxdddddp/.m2/repository/com/oracle/database/security/oraclepki/21.5.0.0/osdt_core.jar,file:/C:/Users/xxdddddp/.m2/repository/com/oracle/database/security/oraclepki/21.5.0.0/osdt_cert.jar,file:/C:/Users/xxdddddp/.m2/repository/com/oracle/database/security/oraclepki/oracle.osdt/osdt_core.jar,file:/C:/Users/xxdddddp/.m2/repository/com/oracle/database/security/oraclepki/oracle.osdt/osdt_cert.jar
[0;39m[33m2024-04-11 18:15:42,433[0;39m [31m[INFO][0;39m org.springframework.boot.devtools.env.DevToolsPropertyDefaultsPostProcessor restartedMain [34mDevtools property defaults active! Set 'spring.devtools.add-properties' to 'false' to disable
[0;39m[33m2024-04-11 18:15:42,433[0;39m [31m[INFO][0;39m org.springframework.boot.devtools.env.DevToolsPropertyDefaultsPostProcessor restartedMain [34mFor additional web related logging consider setting the 'logging.level.web' property to 'DEBUG'
[0;39m[33m2024-04-11 18:15:43,031[0;39m [31m[INFO][0;39m org.springframework.data.repository.config.RepositoryConfigurationDelegate restartedMain [34mBootstrapping Spring Data JDBC repositories in DEFAULT mode.
[0;39m[33m2024-04-11 18:15:43,031[0;39m [31m[INFO][0;39m org.springframework.data.repository.config.RepositoryConfigurationDelegate restartedMain [34mFinished Spring Data repository scanning in 6 ms. Found 0 JDBC repository interfaces.
[0;39m[33m2024-04-11 18:15:43,220[0;39m [31m[INFO][0;39m org.springframework.context.support.PostProcessorRegistrationDelegate$BeanPostProcessorChecker restartedMain [34mBean 'org.springframework.ws.config.annotation.DelegatingWsConfiguration' of type [org.springframework.ws.config.annotation.DelegatingWsConfiguration$$EnhancerBySpringCGLIB$$aa11eccf] is not eligible for getting processed by all BeanPostProcessors (for example: not eligible for auto-proxying)
[0;39m[33m2024-04-11 18:15:43,251[0;39m [31m[INFO][0;39m org.springframework.ws.soap.addressing.server.AnnotationActionEndpointMapping restartedMain [34mSupporting [WS-Addressing August 2004, WS-Addressing 1.0]
[0;39m[33m2024-04-11 18:15:43,456[0;39m [31m[INFO][0;39m org.springframework.boot.web.embedded.tomcat.TomcatWebServer restartedMain [34mTomcat initialized with port(s): 8084 (http)
[0;39m[33m2024-04-11 18:15:43,456[0;39m [31m[INFO][0;39m org.apache.catalina.core.StandardService restartedMain [34mStarting service [Tomcat]
[0;39m[33m2024-04-11 18:15:43,456[0;39m [31m[INFO][0;39m org.apache.catalina.core.StandardEngine restartedMain [34mStarting Servlet engine: [Apache Tomcat/9.0.73]
[0;39m[33m2024-04-11 18:15:43,567[0;39m [31m[INFO][0;39m org.apache.catalina.core.ContainerBase.[Tomcat].[localhost].[/] restartedMain [34mInitializing Spring embedded WebApplicationContext
[0;39m[33m2024-04-11 18:15:43,567[0;39m [31m[INFO][0;39m org.springframework.boot.web.servlet.context.ServletWebServerApplicationContext restartedMain [34mRoot WebApplicationContext: initialization completed in 1134 ms
[0;39m[33m2024-04-11 18:15:43,913[0;39m [31m[INFO][0;39m com.zaxxer.hikari.HikariDataSource restartedMain [34mHikariPool-1 - Starting...
[0;39m[33m2024-04-11 18:15:43,913[0;39m [31m[WARN][0;39m com.zaxxer.hikari.util.DriverDataSource restartedMain [34mRegistered driver with driverClassName=oracle.jdbc.driver.OracleDriver was not found, trying direct instantiation.
[0;39m[33m2024-04-11 18:15:43,975[0;39m [31m[INFO][0;39m com.zaxxer.hikari.pool.PoolBase restartedMain [34mHikariPool-1 - Driver does not support get/set network timeout for connections. (oracle.jdbc.driver.T4CConnection.getNetworkTimeout()I)
[0;39m[33m2024-04-11 18:15:43,975[0;39m [31m[INFO][0;39m com.zaxxer.hikari.HikariDataSource restartedMain [34mHikariPool-1 - Start completed.
[0;39m[33m2024-04-11 18:15:44,101[0;39m [31m[WARN][0;39m org.springframework.boot.devtools.autoconfigure.OptionalLiveReloadServer restartedMain [34mUnable to start LiveReload server
[0;39m[33m2024-04-11 18:15:44,132[0;39m [31m[INFO][0;39m org.springframework.boot.web.embedded.tomcat.TomcatWebServer restartedMain [34mTomcat started on port(s): 8084 (http) with context path ''
[0;39m[33m2024-04-11 18:15:44,148[0;39m [31m[INFO][0;39m console.technical.spring.SpringConsoleApplication restartedMain [34mStarted SpringConsoleApplication in 2.086 seconds (JVM running for 2.763)
[0;39m[33m2024-04-11 18:18:47,109[0;39m [31m[INFO][0;39m console.technical.spring.SpringConsoleApplication restartedMain [34mStarting SpringConsoleApplication using Java 1.8.0_292 on WPF45DYSS with PID 16824 (C:\DLTE-Java-Full-Stack-PrashanthD-2024\DLTE-Technical-Final\Spring-Console\target\classes started by xxdddddp in C:\DLTE-Java-Full-Stack-PrashanthD-2024\DLTE-Technical-Final\Spring-Console)
[0;39m[33m2024-04-11 18:18:47,109[0;39m [31m[INFO][0;39m console.technical.spring.SpringConsoleApplication restartedMain [34mNo active profile set, falling back to 1 default profile: "default"
[0;39m[33m2024-04-11 18:18:47,157[0;39m [31m[INFO][0;39m org.springframework.boot.devtools.restart.ChangeableUrls restartedMain [34mThe Class-Path manifest attribute in C:\Users\xxdddddp\.m2\repository\com\oracle\database\security\oraclepki\21.5.0.0\oraclepki-21.5.0.0.jar referenced one or more files that do not exist: file:/C:/Users/xxdddddp/.m2/repository/com/oracle/database/security/oraclepki/21.5.0.0/osdt_core.jar,file:/C:/Users/xxdddddp/.m2/repository/com/oracle/database/security/oraclepki/21.5.0.0/osdt_cert.jar,file:/C:/Users/xxdddddp/.m2/repository/com/oracle/database/security/oraclepki/oracle.osdt/osdt_core.jar,file:/C:/Users/xxdddddp/.m2/repository/com/oracle/database/security/oraclepki/oracle.osdt/osdt_cert.jar
[0;39m[33m2024-04-11 18:18:47,157[0;39m [31m[INFO][0;39m org.springframework.boot.devtools.env.DevToolsPropertyDefaultsPostProcessor restartedMain [34mDevtools property defaults active! Set 'spring.devtools.add-properties' to 'false' to disable
[0;39m[33m2024-04-11 18:18:47,157[0;39m [31m[INFO][0;39m org.springframework.boot.devtools.env.DevToolsPropertyDefaultsPostProcessor restartedMain [34mFor additional web related logging consider setting the 'logging.level.web' property to 'DEBUG'
[0;39m[33m2024-04-11 18:18:47,742[0;39m [31m[INFO][0;39m org.springframework.data.repository.config.RepositoryConfigurationDelegate restartedMain [34mBootstrapping Spring Data JDBC repositories in DEFAULT mode.
[0;39m[33m2024-04-11 18:18:47,742[0;39m [31m[INFO][0;39m org.springframework.data.repository.config.RepositoryConfigurationDelegate restartedMain [34mFinished Spring Data repository scanning in 6 ms. Found 0 JDBC repository interfaces.
[0;39m[33m2024-04-11 18:18:47,915[0;39m [31m[INFO][0;39m org.springframework.context.support.PostProcessorRegistrationDelegate$BeanPostProcessorChecker restartedMain [34mBean 'org.springframework.ws.config.annotation.DelegatingWsConfiguration' of type [org.springframework.ws.config.annotation.DelegatingWsConfiguration$$EnhancerBySpringCGLIB$$d2a68973] is not eligible for getting processed by all BeanPostProcessors (for example: not eligible for auto-proxying)
[0;39m[33m2024-04-11 18:18:47,962[0;39m [31m[INFO][0;39m org.springframework.ws.soap.addressing.server.AnnotationActionEndpointMapping restartedMain [34mSupporting [WS-Addressing August 2004, WS-Addressing 1.0]
[0;39m[33m2024-04-11 18:18:48,151[0;39m [31m[INFO][0;39m org.springframework.boot.web.embedded.tomcat.TomcatWebServer restartedMain [34mTomcat initialized with port(s): 8084 (http)
[0;39m[33m2024-04-11 18:18:48,151[0;39m [31m[INFO][0;39m org.apache.catalina.core.StandardService restartedMain [34mStarting service [Tomcat]
[0;39m[33m2024-04-11 18:18:48,151[0;39m [31m[INFO][0;39m org.apache.catalina.core.StandardEngine restartedMain [34mStarting Servlet engine: [Apache Tomcat/9.0.73]
[0;39m[33m2024-04-11 18:18:48,314[0;39m [31m[INFO][0;39m org.apache.catalina.core.ContainerBase.[Tomcat].[localhost].[/] restartedMain [34mInitializing Spring embedded WebApplicationContext
[0;39m[33m2024-04-11 18:18:48,314[0;39m [31m[INFO][0;39m org.springframework.boot.web.servlet.context.ServletWebServerApplicationContext restartedMain [34mRoot WebApplicationContext: initialization completed in 1157 ms
[0;39m[33m2024-04-11 18:18:48,694[0;39m [31m[INFO][0;39m com.zaxxer.hikari.HikariDataSource restartedMain [34mHikariPool-1 - Starting...
[0;39m[33m2024-04-11 18:18:48,694[0;39m [31m[WARN][0;39m com.zaxxer.hikari.util.DriverDataSource restartedMain [34mRegistered driver with driverClassName=oracle.jdbc.driver.OracleDriver was not found, trying direct instantiation.
[0;39m[33m2024-04-11 18:18:48,772[0;39m [31m[INFO][0;39m com.zaxxer.hikari.pool.PoolBase restartedMain [34mHikariPool-1 - Driver does not support get/set network timeout for connections. (oracle.jdbc.driver.T4CConnection.getNetworkTimeout()I)
[0;39m[33m2024-04-11 18:18:48,772[0;39m [31m[INFO][0;39m com.zaxxer.hikari.HikariDataSource restartedMain [34mHikariPool-1 - Start completed.
[0;39m[33m2024-04-11 18:18:48,893[0;39m [31m[WARN][0;39m org.springframework.boot.devtools.autoconfigure.OptionalLiveReloadServer restartedMain [34mUnable to start LiveReload server
[0;39m[33m2024-04-11 18:18:48,915[0;39m [31m[INFO][0;39m org.springframework.boot.web.embedded.tomcat.TomcatWebServer restartedMain [34mTomcat started on port(s): 8084 (http) with context path ''
[0;39m[33m2024-04-11 18:18:48,930[0;39m [31m[INFO][0;39m console.technical.spring.SpringConsoleApplication restartedMain [34mStarted SpringConsoleApplication in 2.153 seconds (JVM running for 2.788)
[0;39m[33m2024-04-11 18:29:32,487[0;39m [31m[INFO][0;39m console.technical.spring.SpringConsoleApplication restartedMain [34mStarting SpringConsoleApplication using Java 1.8.0_292 on WPF45DYSS with PID 11020 (C:\DLTE-Java-Full-Stack-PrashanthD-2024\DLTE-Technical-Final\Spring-Console\target\classes started by xxdddddp in C:\DLTE-Java-Full-Stack-PrashanthD-2024\DLTE-Technical-Final\Spring-Console)
[0;39m[33m2024-04-11 18:29:32,487[0;39m [31m[INFO][0;39m console.technical.spring.SpringConsoleApplication restartedMain [34mNo active profile set, falling back to 1 default profile: "default"
[0;39m[33m2024-04-11 18:29:32,566[0;39m [31m[INFO][0;39m org.springframework.boot.devtools.restart.ChangeableUrls restartedMain [34mThe Class-Path manifest attribute in C:\Users\xxdddddp\.m2\repository\com\oracle\database\security\oraclepki\21.5.0.0\oraclepki-21.5.0.0.jar referenced one or more files that do not exist: file:/C:/Users/xxdddddp/.m2/repository/com/oracle/database/security/oraclepki/21.5.0.0/osdt_core.jar,file:/C:/Users/xxdddddp/.m2/repository/com/oracle/database/security/oraclepki/21.5.0.0/osdt_cert.jar,file:/C:/Users/xxdddddp/.m2/repository/com/oracle/database/security/oraclepki/oracle.osdt/osdt_core.jar,file:/C:/Users/xxdddddp/.m2/repository/com/oracle/database/security/oraclepki/oracle.osdt/osdt_cert.jar
[0;39m[33m2024-04-11 18:29:32,566[0;39m [31m[INFO][0;39m org.springframework.boot.devtools.env.DevToolsPropertyDefaultsPostProcessor restartedMain [34mDevtools property defaults active! Set 'spring.devtools.add-properties' to 'false' to disable
[0;39m[33m2024-04-11 18:29:32,566[0;39m [31m[INFO][0;39m org.springframework.boot.devtools.env.DevToolsPropertyDefaultsPostProcessor restartedMain [34mFor additional web related logging consider setting the 'logging.level.web' property to 'DEBUG'
[0;39m[33m2024-04-11 18:29:33,372[0;39m [31m[INFO][0;39m org.springframework.data.repository.config.RepositoryConfigurationDelegate restartedMain [34mBootstrapping Spring Data JDBC repositories in DEFAULT mode.
[0;39m[33m2024-04-11 18:29:33,372[0;39m [31m[INFO][0;39m org.springframework.data.repository.config.RepositoryConfigurationDelegate restartedMain [34mFinished Spring Data repository scanning in 9 ms. Found 0 JDBC repository interfaces.
[0;39m[33m2024-04-11 18:29:33,671[0;39m [31m[INFO][0;39m org.springframework.context.support.PostProcessorRegistrationDelegate$BeanPostProcessorChecker restartedMain [34mBean 'org.springframework.ws.config.annotation.DelegatingWsConfiguration' of type [org.springframework.ws.config.annotation.DelegatingWsConfiguration$$EnhancerBySpringCGLIB$$2087c780] is not eligible for getting processed by all BeanPostProcessors (for example: not eligible for auto-proxying)
[0;39m[33m2024-04-11 18:29:33,718[0;39m [31m[INFO][0;39m org.springframework.ws.soap.addressing.server.AnnotationActionEndpointMapping restartedMain [34mSupporting [WS-Addressing August 2004, WS-Addressing 1.0]
[0;39m[33m2024-04-11 18:29:34,002[0;39m [31m[INFO][0;39m org.springframework.boot.web.embedded.tomcat.TomcatWebServer restartedMain [34mTomcat initialized with port(s): 8084 (http)
[0;39m[33m2024-04-11 18:29:34,002[0;39m [31m[INFO][0;39m org.apache.catalina.core.StandardService restartedMain [34mStarting service [Tomcat]
[0;39m[33m2024-04-11 18:29:34,002[0;39m [31m[INFO][0;39m org.apache.catalina.core.StandardEngine restartedMain [34mStarting Servlet engine: [Apache Tomcat/9.0.73]
[0;39m[33m2024-04-11 18:29:34,097[0;39m [31m[INFO][0;39m org.apache.catalina.core.ContainerBase.[Tomcat].[localhost].[/] restartedMain [34mInitializing Spring embedded WebApplicationContext
[0;39m[33m2024-04-11 18:29:34,097[0;39m [31m[INFO][0;39m org.springframework.boot.web.servlet.context.ServletWebServerApplicationContext restartedMain [34mRoot WebApplicationContext: initialization completed in 1531 ms
[0;39m[33m2024-04-11 18:29:34,476[0;39m [31m[INFO][0;39m com.zaxxer.hikari.HikariDataSource restartedMain [34mHikariPool-1 - Starting...
[0;39m[33m2024-04-11 18:29:34,476[0;39m [31m[WARN][0;39m com.zaxxer.hikari.util.DriverDataSource restartedMain [34mRegistered driver with driverClassName=oracle.jdbc.driver.OracleDriver was not found, trying direct instantiation.
[0;39m[33m2024-04-11 18:29:34,555[0;39m [31m[INFO][0;39m com.zaxxer.hikari.pool.PoolBase restartedMain [34mHikariPool-1 - Driver does not support get/set network timeout for connections. (oracle.jdbc.driver.T4CConnection.getNetworkTimeout()I)
[0;39m[33m2024-04-11 18:29:34,555[0;39m [31m[INFO][0;39m com.zaxxer.hikari.HikariDataSource restartedMain [34mHikariPool-1 - Start completed.
[0;39m[33m2024-04-11 18:29:34,697[0;39m [31m[WARN][0;39m org.springframework.boot.devtools.autoconfigure.OptionalLiveReloadServer restartedMain [34mUnable to start LiveReload server
[0;39m[33m2024-04-11 18:29:34,745[0;39m [31m[INFO][0;39m org.springframework.boot.web.embedded.tomcat.TomcatWebServer restartedMain [34mTomcat started on port(s): 8084 (http) with context path ''
[0;39m[33m2024-04-11 18:29:34,761[0;39m [31m[INFO][0;39m console.technical.spring.SpringConsoleApplication restartedMain [34mStarted SpringConsoleApplication in 2.952 seconds (JVM running for 4.138)
[0;39m[33m2024-04-11 18:30:36,628[0;39m [31m[INFO][0;39m console.technical.spring.SpringConsoleApplication restartedMain [34mStarting SpringConsoleApplication using Java 1.8.0_292 on WPF45DYSS with PID 21732 (C:\DLTE-Java-Full-Stack-PrashanthD-2024\DLTE-Technical-Final\Spring-Console\target\classes started by xxdddddp in C:\DLTE-Java-Full-Stack-PrashanthD-2024\DLTE-Technical-Final\Spring-Console)
[0;39m[33m2024-04-11 18:30:36,628[0;39m [31m[INFO][0;39m console.technical.spring.SpringConsoleApplication restartedMain [34mNo active profile set, falling back to 1 default profile: "default"
[0;39m[33m2024-04-11 18:30:36,675[0;39m [31m[INFO][0;39m org.springframework.boot.devtools.restart.ChangeableUrls restartedMain [34mThe Class-Path manifest attribute in C:\Users\xxdddddp\.m2\repository\com\oracle\database\security\oraclepki\21.5.0.0\oraclepki-21.5.0.0.jar referenced one or more files that do not exist: file:/C:/Users/xxdddddp/.m2/repository/com/oracle/database/security/oraclepki/21.5.0.0/osdt_core.jar,file:/C:/Users/xxdddddp/.m2/repository/com/oracle/database/security/oraclepki/21.5.0.0/osdt_cert.jar,file:/C:/Users/xxdddddp/.m2/repository/com/oracle/database/security/oraclepki/oracle.osdt/osdt_core.jar,file:/C:/Users/xxdddddp/.m2/repository/com/oracle/database/security/oraclepki/oracle.osdt/osdt_cert.jar
[0;39m[33m2024-04-11 18:30:36,675[0;39m [31m[INFO][0;39m org.springframework.boot.devtools.env.DevToolsPropertyDefaultsPostProcessor restartedMain [34mDevtools property defaults active! Set 'spring.devtools.add-properties' to 'false' to disable
[0;39m[33m2024-04-11 18:30:36,675[0;39m [31m[INFO][0;39m org.springframework.boot.devtools.env.DevToolsPropertyDefaultsPostProcessor restartedMain [34mFor additional web related logging consider setting the 'logging.level.web' property to 'DEBUG'
[0;39m[33m2024-04-11 18:30:37,229[0;39m [31m[INFO][0;39m org.springframework.data.repository.config.RepositoryConfigurationDelegate restartedMain [34mBootstrapping Spring Data JDBC repositories in DEFAULT mode.
[0;39m[33m2024-04-11 18:30:37,244[0;39m [31m[INFO][0;39m org.springframework.data.repository.config.RepositoryConfigurationDelegate restartedMain [34mFinished Spring Data repository scanning in 7 ms. Found 0 JDBC repository interfaces.
[0;39m[33m2024-04-11 18:30:37,409[0;39m [31m[INFO][0;39m org.springframework.context.support.PostProcessorRegistrationDelegate$BeanPostProcessorChecker restartedMain [34mBean 'org.springframework.ws.config.annotation.DelegatingWsConfiguration' of type [org.springframework.ws.config.annotation.DelegatingWsConfiguration$$EnhancerBySpringCGLIB$$c739673f] is not eligible for getting processed by all BeanPostProcessors (for example: not eligible for auto-proxying)
[0;39m[33m2024-04-11 18:30:37,433[0;39m [31m[INFO][0;39m org.springframework.ws.soap.addressing.server.AnnotationActionEndpointMapping restartedMain [34mSupporting [WS-Addressing August 2004, WS-Addressing 1.0]
[0;39m[33m2024-04-11 18:30:37,621[0;39m [31m[INFO][0;39m org.springframework.boot.web.embedded.tomcat.TomcatWebServer restartedMain [34mTomcat initialized with port(s): 8084 (http)
[0;39m[33m2024-04-11 18:30:37,621[0;39m [31m[INFO][0;39m org.apache.catalina.core.StandardService restartedMain [34mStarting service [Tomcat]
[0;39m[33m2024-04-11 18:30:37,621[0;39m [31m[INFO][0;39m org.apache.catalina.core.StandardEngine restartedMain [34mStarting Servlet engine: [Apache Tomcat/9.0.73]
[0;39m[33m2024-04-11 18:30:37,700[0;39m [31m[INFO][0;39m org.apache.catalina.core.ContainerBase.[Tomcat].[localhost].[/] restartedMain [34mInitializing Spring embedded WebApplicationContext
[0;39m[33m2024-04-11 18:30:37,700[0;39m [31m[INFO][0;39m org.springframework.boot.web.servlet.context.ServletWebServerApplicationContext restartedMain [34mRoot WebApplicationContext: initialization completed in 1025 ms
[0;39m[33m2024-04-11 18:30:38,010[0;39m [31m[INFO][0;39m com.zaxxer.hikari.HikariDataSource restartedMain [34mHikariPool-1 - Starting...
[0;39m[33m2024-04-11 18:30:38,010[0;39m [31m[WARN][0;39m com.zaxxer.hikari.util.DriverDataSource restartedMain [34mRegistered driver with driverClassName=oracle.jdbc.driver.OracleDriver was not found, trying direct instantiation.
[0;39m[33m2024-04-11 18:30:38,076[0;39m [31m[INFO][0;39m com.zaxxer.hikari.pool.PoolBase restartedMain [34mHikariPool-1 - Driver does not support get/set network timeout for connections. (oracle.jdbc.driver.T4CConnection.getNetworkTimeout()I)
[0;39m[33m2024-04-11 18:30:38,076[0;39m [31m[INFO][0;39m com.zaxxer.hikari.HikariDataSource restartedMain [34mHikariPool-1 - Start completed.
[0;39m[33m2024-04-11 18:30:38,171[0;39m [31m[WARN][0;39m org.springframework.boot.devtools.autoconfigure.OptionalLiveReloadServer restartedMain [34mUnable to start LiveReload server
[0;39m[33m2024-04-11 18:30:38,202[0;39m [31m[INFO][0;39m org.springframework.boot.web.embedded.tomcat.TomcatWebServer restartedMain [34mTomcat started on port(s): 8084 (http) with context path ''
[0;39m[33m2024-04-11 18:30:38,211[0;39m [31m[INFO][0;39m console.technical.spring.SpringConsoleApplication restartedMain [34mStarted SpringConsoleApplication in 1.961 seconds (JVM running for 2.638)
[0;39m[33m2024-04-11 21:57:12,794[0;39m [31m[WARN][0;39m com.zaxxer.hikari.pool.HikariPool HikariPool-1 housekeeper [34mHikariPool-1 - Thread starvation or clock leap detected (housekeeper delta=1h5m2s407ms503µs800ns).
[0;39m