[31m2024-04-14 00:37:33,892[0;39m [32m[INFO][0;39m list.cards.mybankdebitcarddao.MybankDebitcardDaoApplicationTests main [32mStarting MybankDebitcardDaoApplicationTests using Java 1.8.0_292 on WPF45CNSL with PID 25372 (started by xxshetvm in C:\Users\xxshetvm\Desktop\DLTE-JavaFullStack-MEDHINISHETTY-2024\DLTE-FinalProject\mybank-debitcard-dao)
[0;39m[31m2024-04-14 00:37:33,911[0;39m [32m[INFO][0;39m list.cards.mybankdebitcarddao.MybankDebitcardDaoApplicationTests main [32mNo active profile set, falling back to 1 default profile: "default"
[0;39m[31m2024-04-14 00:37:34,692[0;39m [32m[INFO][0;39m org.springframework.data.repository.config.RepositoryConfigurationDelegate main [32mBootstrapping Spring Data JDBC repositories in DEFAULT mode.
[0;39m[31m2024-04-14 00:37:34,712[0;39m [32m[INFO][0;39m org.springframework.data.repository.config.RepositoryConfigurationDelegate main [32mFinished Spring Data repository scanning in 9 ms. Found 0 JDBC repository interfaces.
[0;39m[31m2024-04-14 00:37:35,339[0;39m [32m[INFO][0;39m com.zaxxer.hikari.HikariDataSource main [32mHikariPool-1 - Starting...
[0;39m[31m2024-04-14 00:37:35,346[0;39m [32m[WARN][0;39m com.zaxxer.hikari.util.DriverDataSource main [32mRegistered driver with driverClassName=oracle.jdbc.driver.OracleDriver was not found, trying direct instantiation.
[0;39m[31m2024-04-14 00:37:35,692[0;39m [32m[INFO][0;39m com.zaxxer.hikari.pool.PoolBase main [32mHikariPool-1 - Driver does not support get/set network timeout for connections. (oracle.jdbc.driver.T4CConnection.getNetworkTimeout()I)
[0;39m[31m2024-04-14 00:37:35,692[0;39m [32m[INFO][0;39m com.zaxxer.hikari.HikariDataSource main [32mHikariPool-1 - Start completed.
[0;39m[31m2024-04-14 00:37:35,887[0;39m [32m[INFO][0;39m list.cards.mybankdebitcarddao.MybankDebitcardDaoApplicationTests main [32mStarted MybankDebitcardDaoApplicationTests in 2.602 seconds (JVM running for 5.133)
[0;39m[31m2024-04-14 00:37:35,976[0;39m [32m[INFO][0;39m list.cards.mybankdebitcarddao.services.DebitCardService main [32mDebit card details fetched successfully
[0;39m[31m2024-04-14 00:37:36,012[0;39m [32m[INFO][0;39m list.cards.mybankdebitcarddao.services.DebitCardService main [32mDebit card details fetched successfully
[0;39m[31m2024-04-14 00:37:36,025[0;39m [32m[INFO][0;39m list.cards.mybankdebitcarddao.services.DebitCardService main [32mDebit card details fetched successfully
[0;39m[31m2024-04-14 00:37:36,025[0;39m [32m[WARN][0;39m list.cards.mybankdebitcarddao.services.DebitCardService main [32mDebit card list is null or empty
[0;39m[31m2024-04-14 00:37:36,069[0;39m [32m[INFO][0;39m com.zaxxer.hikari.HikariDataSource SpringApplicationShutdownHook [32mHikariPool-1 - Shutdown initiated...
[0;39m[31m2024-04-14 00:37:36,096[0;39m [32m[INFO][0;39m com.zaxxer.hikari.HikariDataSource SpringApplicationShutdownHook [32mHikariPool-1 - Shutdown completed.
[0;39m[31m2024-04-14 10:54:26,875[0;39m [32m[INFO][0;39m list.cards.mybankdebitcarddao.MybankDebitcardDaoApplicationTests main [32mStarting MybankDebitcardDaoApplicationTests using Java 1.8.0_292 on WPF45CNSL with PID 2976 (started by xxshetvm in C:\Users\xxshetvm\Desktop\DLTE-JavaFullStack-MEDHINISHETTY-2024\DLTE-FinalProject\mybank-debitcard-dao)
[0;39m[31m2024-04-14 10:54:26,875[0;39m [32m[INFO][0;39m list.cards.mybankdebitcarddao.MybankDebitcardDaoApplicationTests main [32mNo active profile set, falling back to 1 default profile: "default"
[0;39m[31m2024-04-14 10:54:27,272[0;39m [32m[INFO][0;39m org.springframework.data.repository.config.RepositoryConfigurationDelegate main [32mBootstrapping Spring Data JDBC repositories in DEFAULT mode.
[0;39m[31m2024-04-14 10:54:27,300[0;39m [32m[INFO][0;39m org.springframework.data.repository.config.RepositoryConfigurationDelegate main [32mFinished Spring Data repository scanning in 10 ms. Found 0 JDBC repository interfaces.
[0;39m[31m2024-04-14 10:54:28,029[0;39m [32m[INFO][0;39m com.zaxxer.hikari.HikariDataSource main [32mHikariPool-1 - Starting...
[0;39m[31m2024-04-14 10:54:28,044[0;39m [32m[WARN][0;39m com.zaxxer.hikari.util.DriverDataSource main [32mRegistered driver with driverClassName=oracle.jdbc.driver.OracleDriver was not found, trying direct instantiation.
[0;39m[31m2024-04-14 10:54:28,550[0;39m [32m[INFO][0;39m com.zaxxer.hikari.pool.PoolBase main [32mHikariPool-1 - Driver does not support get/set network timeout for connections. (oracle.jdbc.driver.T4CConnection.getNetworkTimeout()I)
[0;39m[31m2024-04-14 10:54:28,550[0;39m [32m[INFO][0;39m com.zaxxer.hikari.HikariDataSource main [32mHikariPool-1 - Start completed.
[0;39m[31m2024-04-14 10:54:28,774[0;39m [32m[INFO][0;39m list.cards.mybankdebitcarddao.MybankDebitcardDaoApplicationTests main [32mStarted MybankDebitcardDaoApplicationTests in 2.204 seconds (JVM running for 4.063)
[0;39m[31m2024-04-14 10:54:28,854[0;39m [32m[INFO][0;39m list.cards.mybankdebitcarddao.services.DebitCardService main [32mDebit card details fetched successfully
[0;39m[31m2024-04-14 10:54:28,891[0;39m [32m[INFO][0;39m list.cards.mybankdebitcarddao.services.DebitCardService main [32mDebit card details fetched successfully
[0;39m[31m2024-04-14 10:54:28,896[0;39m [32m[INFO][0;39m list.cards.mybankdebitcarddao.services.DebitCardService main [32mDebit card details fetched successfully
[0;39m[31m2024-04-14 10:54:28,896[0;39m [32m[WARN][0;39m list.cards.mybankdebitcarddao.services.DebitCardService main [32mDebit card list is null or empty
[0;39m[31m2024-04-14 10:54:29,006[0;39m [32m[INFO][0;39m com.zaxxer.hikari.HikariDataSource SpringApplicationShutdownHook [32mHikariPool-1 - Shutdown initiated...
[0;39m[31m2024-04-14 10:54:29,022[0;39m [32m[INFO][0;39m com.zaxxer.hikari.HikariDataSource SpringApplicationShutdownHook [32mHikariPool-1 - Shutdown completed.
[0;39m[31m2024-04-14 19:29:16,398[0;39m [32m[INFO][0;39m list.cards.mybankdebitcarddao.MybankDebitcardDaoApplicationTests main [32mStarting MybankDebitcardDaoApplicationTests using Java 1.8.0_292 on WPF45CNSL with PID 11252 (started by xxshetvm in C:\Users\xxshetvm\Desktop\DLTE-JavaFullStack-MEDHINISHETTY-2024\DLTE-FinalProject\mybank-debitcard-dao)
[0;39m[31m2024-04-14 19:29:16,405[0;39m [32m[INFO][0;39m list.cards.mybankdebitcarddao.MybankDebitcardDaoApplicationTests main [32mNo active profile set, falling back to 1 default profile: "default"
[0;39m[31m2024-04-14 19:29:16,852[0;39m [32m[INFO][0;39m org.springframework.data.repository.config.RepositoryConfigurationDelegate main [32mBootstrapping Spring Data JDBC repositories in DEFAULT mode.
[0;39m[31m2024-04-14 19:29:16,852[0;39m [32m[INFO][0;39m org.springframework.data.repository.config.RepositoryConfigurationDelegate main [32mFinished Spring Data repository scanning in 5 ms. Found 0 JDBC repository interfaces.
[0;39m[31m2024-04-14 19:29:17,510[0;39m [32m[INFO][0;39m com.zaxxer.hikari.HikariDataSource main [32mHikariPool-1 - Starting...
[0;39m[31m2024-04-14 19:29:17,510[0;39m [32m[WARN][0;39m com.zaxxer.hikari.util.DriverDataSource main [32mRegistered driver with driverClassName=oracle.jdbc.driver.OracleDriver was not found, trying direct instantiation.
[0;39m[31m2024-04-14 19:29:17,829[0;39m [32m[INFO][0;39m com.zaxxer.hikari.pool.PoolBase main [32mHikariPool-1 - Driver does not support get/set network timeout for connections. (oracle.jdbc.driver.T4CConnection.getNetworkTimeout()I)
[0;39m[31m2024-04-14 19:29:17,829[0;39m [32m[INFO][0;39m com.zaxxer.hikari.HikariDataSource main [32mHikariPool-1 - Start completed.
[0;39m[31m2024-04-14 19:29:17,971[0;39m [32m[INFO][0;39m list.cards.mybankdebitcarddao.MybankDebitcardDaoApplicationTests main [32mStarted MybankDebitcardDaoApplicationTests in 1.91 seconds (JVM running for 3.478)
[0;39m[31m2024-04-14 19:29:18,019[0;39m [32m[INFO][0;39m list.cards.mybankdebitcarddao.services.DebitCardService main [32mDebit card details fetched successfully
[0;39m[31m2024-04-14 19:29:18,056[0;39m [32m[INFO][0;39m list.cards.mybankdebitcarddao.services.DebitCardService main [32mDebit card details fetched successfully
[0;39m[31m2024-04-14 19:29:18,084[0;39m [32m[INFO][0;39m list.cards.mybankdebitcarddao.services.DebitCardService main [32mDebit card details fetched successfully
[0;39m[31m2024-04-14 19:29:18,084[0;39m [32m[WARN][0;39m list.cards.mybankdebitcarddao.services.DebitCardService main [32mDebit card list is null or empty
[0;39m[31m2024-04-14 19:29:18,183[0;39m [32m[INFO][0;39m com.zaxxer.hikari.HikariDataSource SpringApplicationShutdownHook [32mHikariPool-1 - Shutdown initiated...
[0;39m[31m2024-04-14 19:29:18,211[0;39m [32m[INFO][0;39m com.zaxxer.hikari.HikariDataSource SpringApplicationShutdownHook [32mHikariPool-1 - Shutdown completed.
[0;39m[31m2024-04-14 19:36:47,970[0;39m [32m[INFO][0;39m list.cards.mybankdebitcarddao.MybankDebitcardDaoApplicationTests main [32mStarting MybankDebitcardDaoApplicationTests using Java 1.8.0_292 on WPF45CNSL with PID 15892 (started by xxshetvm in C:\Users\xxshetvm\Desktop\DLTE-JavaFullStack-MEDHINISHETTY-2024\DLTE-FinalProject\mybank-debitcard-dao)
[0;39m[31m2024-04-14 19:36:47,970[0;39m [32m[INFO][0;39m list.cards.mybankdebitcarddao.MybankDebitcardDaoApplicationTests main [32mNo active profile set, falling back to 1 default profile: "default"
[0;39m[31m2024-04-14 19:36:48,493[0;39m [32m[INFO][0;39m org.springframework.data.repository.config.RepositoryConfigurationDelegate main [32mBootstrapping Spring Data JDBC repositories in DEFAULT mode.
[0;39m[31m2024-04-14 19:36:48,508[0;39m [32m[INFO][0;39m org.springframework.data.repository.config.RepositoryConfigurationDelegate main [32mFinished Spring Data repository scanning in 8 ms. Found 0 JDBC repository interfaces.
[0;39m[31m2024-04-14 19:36:49,139[0;39m [32m[INFO][0;39m com.zaxxer.hikari.HikariDataSource main [32mHikariPool-1 - Starting...
[0;39m[31m2024-04-14 19:36:49,139[0;39m [32m[WARN][0;39m com.zaxxer.hikari.util.DriverDataSource main [32mRegistered driver with driverClassName=oracle.jdbc.driver.OracleDriver was not found, trying direct instantiation.
[0;39m[31m2024-04-14 19:36:49,439[0;39m [32m[INFO][0;39m com.zaxxer.hikari.pool.PoolBase main [32mHikariPool-1 - Driver does not support get/set network timeout for connections. (oracle.jdbc.driver.T4CConnection.getNetworkTimeout()I)
[0;39m[31m2024-04-14 19:36:49,439[0;39m [32m[INFO][0;39m com.zaxxer.hikari.HikariDataSource main [32mHikariPool-1 - Start completed.
[0;39m[31m2024-04-14 19:36:49,582[0;39m [32m[INFO][0;39m list.cards.mybankdebitcarddao.MybankDebitcardDaoApplicationTests main [32mStarted MybankDebitcardDaoApplicationTests in 1.945 seconds (JVM running for 3.878)
[0;39m[31m2024-04-14 19:36:49,635[0;39m [32m[INFO][0;39m list.cards.mybankdebitcarddao.services.DebitCardService main [32mDebit card details fetched successfully
[0;39m[31m2024-04-14 19:36:49,685[0;39m [32m[INFO][0;39m list.cards.mybankdebitcarddao.services.DebitCardService main [32mDebit card details fetched successfully
[0;39m[31m2024-04-14 19:36:49,693[0;39m [32m[INFO][0;39m list.cards.mybankdebitcarddao.services.DebitCardService main [32mDebit card details fetched successfully
[0;39m[31m2024-04-14 19:36:49,693[0;39m [32m[WARN][0;39m list.cards.mybankdebitcarddao.services.DebitCardService main [32mDebit card list is null or empty
[0;39m[31m2024-04-14 19:36:49,818[0;39m [32m[INFO][0;39m com.zaxxer.hikari.HikariDataSource SpringApplicationShutdownHook [32mHikariPool-1 - Shutdown initiated...
[0;39m[31m2024-04-14 19:36:49,868[0;39m [32m[INFO][0;39m com.zaxxer.hikari.HikariDataSource SpringApplicationShutdownHook [32mHikariPool-1 - Shutdown completed.
[0;39m